{"/home/travis/build/npmtest/node-npmtest-downpress/test.js":{"path":"/home/travis/build/npmtest/node-npmtest-downpress/test.js","s":{"1":2,"2":2,"3":2,"4":2,"5":2,"6":2,"7":2,"8":1,"9":2,"10":2,"11":1,"12":1,"13":1,"14":1,"15":2,"16":2,"17":2,"18":2,"19":1,"20":1,"21":2,"22":2,"23":2,"24":1,"25":1,"26":1,"27":1,"28":1,"29":1,"30":1,"31":1,"32":1,"33":1,"34":1,"35":1,"36":1,"37":1,"38":1,"39":2,"40":2,"41":1,"42":2,"43":2,"44":1,"45":2,"46":2,"47":1,"48":2,"49":2,"50":1,"51":1,"52":1,"53":1,"54":1},"b":{"1":[2,1,1,1],"2":[1,1,1,1],"3":[1,1],"4":[1,1],"5":[1,1],"6":[1,1],"7":[1,1],"8":[1,1],"9":[1,1],"10":[1,1,1],"11":[1,1],"12":[1,1],"13":[1,1],"14":[1,1],"15":[1,1],"16":[1,1],"17":[1,1]},"f":{"1":2,"2":2,"3":2,"4":2,"5":2,"6":1,"7":1,"8":1,"9":2,"10":2,"11":2,"12":2,"13":1},"fnMap":{"1":{"name":"(anonymous_1)","line":12,"loc":{"start":{"line":12,"column":1},"end":{"line":12,"column":13}}},"2":{"name":"(anonymous_2)","line":19,"loc":{"start":{"line":19,"column":5},"end":{"line":19,"column":17}}},"3":{"name":"(anonymous_3)","line":23,"loc":{"start":{"line":23,"column":24},"end":{"line":23,"column":36}}},"4":{"name":"(anonymous_4)","line":61,"loc":{"start":{"line":61,"column":5},"end":{"line":61,"column":17}}},"5":{"name":"(anonymous_5)","line":82,"loc":{"start":{"line":82,"column":5},"end":{"line":82,"column":17}}},"6":{"name":"(anonymous_6)","line":91,"loc":{"start":{"line":91,"column":77},"end":{"line":94,"column":10}}},"7":{"name":"(anonymous_7)","line":112,"loc":{"start":{"line":112,"column":83},"end":{"line":115,"column":10}},"skip":true},"8":{"name":"(anonymous_8)","line":123,"loc":{"start":{"line":123,"column":77},"end":{"line":126,"column":10}},"skip":true},"9":{"name":"(anonymous_9)","line":139,"loc":{"start":{"line":139,"column":12},"end":{"line":139,"column":40}},"skip":true},"10":{"name":"(anonymous_10)","line":147,"loc":{"start":{"line":147,"column":77},"end":{"line":150,"column":10}},"skip":true},"11":{"name":"(anonymous_11)","line":158,"loc":{"start":{"line":158,"column":83},"end":{"line":161,"column":10}},"skip":true},"12":{"name":"(anonymous_12)","line":169,"loc":{"start":{"line":169,"column":79},"end":{"line":172,"column":10}},"skip":true},"13":{"name":"(anonymous_13)","line":180,"loc":{"start":{"line":180,"column":75},"end":{"line":183,"column":10}},"skip":true}},"statementMap":{"1":{"start":{"line":12,"column":0},"end":{"line":195,"column":5}},"2":{"start":{"line":14,"column":4},"end":{"line":14,"column":14}},"3":{"start":{"line":19,"column":4},"end":{"line":56,"column":9}},"4":{"start":{"line":21,"column":8},"end":{"line":21,"column":19}},"5":{"start":{"line":23,"column":8},"end":{"line":35,"column":13}},"6":{"start":{"line":24,"column":12},"end":{"line":34,"column":13}},"7":{"start":{"line":25,"column":16},"end":{"line":28,"column":30}},"8":{"start":{"line":30,"column":16},"end":{"line":33,"column":27}},"9":{"start":{"line":37,"column":8},"end":{"line":39,"column":21}},"10":{"start":{"line":40,"column":8},"end":{"line":53,"column":9}},"11":{"start":{"line":43,"column":12},"end":{"line":46,"column":14}},"12":{"start":{"line":47,"column":12},"end":{"line":47,"column":18}},"13":{"start":{"line":50,"column":12},"end":{"line":51,"column":33}},"14":{"start":{"line":52,"column":12},"end":{"line":52,"column":18}},"15":{"start":{"line":55,"column":8},"end":{"line":55,"column":35}},"16":{"start":{"line":61,"column":4},"end":{"line":63,"column":9}},"17":{"start":{"line":62,"column":8},"end":{"line":62,"column":15}},"18":{"start":{"line":64,"column":4},"end":{"line":77,"column":5}},"19":{"start":{"line":70,"column":8},"end":{"line":70,"column":14}},"20":{"start":{"line":76,"column":8},"end":{"line":76,"column":14}},"21":{"start":{"line":82,"column":4},"end":{"line":84,"column":9}},"22":{"start":{"line":83,"column":8},"end":{"line":83,"column":15}},"23":{"start":{"line":85,"column":4},"end":{"line":194,"column":5}},"24":{"start":{"line":91,"column":8},"end":{"line":99,"column":10}},"25":{"start":{"line":98,"column":12},"end":{"line":98,"column":35}},"26":{"start":{"line":102,"column":8},"end":{"line":104,"column":63}},"27":{"start":{"line":105,"column":8},"end":{"line":105,"column":14}},"28":{"start":{"line":112,"column":8},"end":{"line":121,"column":10},"skip":true},"29":{"start":{"line":119,"column":12},"end":{"line":119,"column":55},"skip":true},"30":{"start":{"line":120,"column":12},"end":{"line":120,"column":48},"skip":true},"31":{"start":{"line":123,"column":8},"end":{"line":136,"column":10},"skip":true},"32":{"start":{"line":130,"column":12},"end":{"line":130,"column":76},"skip":true},"33":{"start":{"line":131,"column":12},"end":{"line":131,"column":73},"skip":true},"34":{"start":{"line":132,"column":12},"end":{"line":132,"column":74},"skip":true},"35":{"start":{"line":133,"column":12},"end":{"line":133,"column":79},"skip":true},"36":{"start":{"line":134,"column":12},"end":{"line":134,"column":25},"skip":true},"37":{"start":{"line":135,"column":12},"end":{"line":135,"column":45},"skip":true},"38":{"start":{"line":138,"column":8},"end":{"line":145,"column":14},"skip":true},"39":{"start":{"line":143,"column":16},"end":{"line":143,"column":29},"skip":true},"40":{"start":{"line":144,"column":16},"end":{"line":144,"column":55},"skip":true},"41":{"start":{"line":147,"column":8},"end":{"line":156,"column":10},"skip":true},"42":{"start":{"line":154,"column":12},"end":{"line":154,"column":25},"skip":true},"43":{"start":{"line":155,"column":12},"end":{"line":155,"column":45},"skip":true},"44":{"start":{"line":158,"column":8},"end":{"line":167,"column":10},"skip":true},"45":{"start":{"line":165,"column":12},"end":{"line":165,"column":25},"skip":true},"46":{"start":{"line":166,"column":12},"end":{"line":166,"column":48},"skip":true},"47":{"start":{"line":169,"column":8},"end":{"line":178,"column":10},"skip":true},"48":{"start":{"line":176,"column":12},"end":{"line":176,"column":25},"skip":true},"49":{"start":{"line":177,"column":12},"end":{"line":177,"column":46},"skip":true},"50":{"start":{"line":180,"column":8},"end":{"line":189,"column":10},"skip":true},"51":{"start":{"line":187,"column":12},"end":{"line":187,"column":94},"skip":true},"52":{"start":{"line":188,"column":12},"end":{"line":188,"column":48},"skip":true},"53":{"start":{"line":192,"column":8},"end":{"line":192,"column":35},"skip":true},"54":{"start":{"line":193,"column":8},"end":{"line":193,"column":14},"skip":true}},"branchMap":{"1":{"line":25,"type":"binary-expr","locations":[{"start":{"line":25,"column":23},"end":{"line":25,"column":62}},{"start":{"line":26,"column":20},"end":{"line":26,"column":70}},{"start":{"line":27,"column":20},"end":{"line":27,"column":71}},{"start":{"line":28,"column":20},"end":{"line":28,"column":29}}]},"2":{"line":30,"type":"binary-expr","locations":[{"start":{"line":30,"column":23},"end":{"line":30,"column":37}},{"start":{"line":31,"column":20},"end":{"line":31,"column":61}},{"start":{"line":32,"column":20},"end":{"line":32,"column":70}},{"start":{"line":33,"column":20},"end":{"line":33,"column":26}}]},"3":{"line":37,"type":"cond-expr","locations":[{"start":{"line":38,"column":14},"end":{"line":38,"column":20}},{"start":{"line":39,"column":14},"end":{"line":39,"column":20}}]},"4":{"line":40,"type":"switch","locations":[{"start":{"line":42,"column":8},"end":{"line":47,"column":18}},{"start":{"line":49,"column":8},"end":{"line":52,"column":18}}]},"5":{"line":44,"type":"binary-expr","locations":[{"start":{"line":44,"column":16},"end":{"line":44,"column":44}},{"start":{"line":44,"column":48},"end":{"line":44,"column":66}}]},"6":{"line":50,"type":"binary-expr","locations":[{"start":{"line":50,"column":21},"end":{"line":50,"column":49}},{"start":{"line":50,"column":53},"end":{"line":50,"column":72}}]},"7":{"line":64,"type":"switch","locations":[{"start":{"line":69,"column":4},"end":{"line":70,"column":14}},{"start":{"line":75,"column":4},"end":{"line":76,"column":14}}]},"8":{"line":85,"type":"switch","locations":[{"start":{"line":90,"column":4},"end":{"line":105,"column":14}},{"start":{"line":111,"column":4},"end":{"line":193,"column":14},"skip":true}]},"9":{"line":91,"type":"binary-expr","locations":[{"start":{"line":91,"column":42},"end":{"line":91,"column":73}},{"start":{"line":91,"column":77},"end":{"line":99,"column":9}}]},"10":{"line":102,"type":"binary-expr","locations":[{"start":{"line":102,"column":18},"end":{"line":102,"column":32}},{"start":{"line":103,"column":12},"end":{"line":103,"column":53}},{"start":{"line":104,"column":12},"end":{"line":104,"column":61}}]},"11":{"line":112,"type":"binary-expr","locations":[{"start":{"line":112,"column":45},"end":{"line":112,"column":79},"skip":true},{"start":{"line":112,"column":83},"end":{"line":121,"column":9},"skip":true}]},"12":{"line":123,"type":"binary-expr","locations":[{"start":{"line":123,"column":42},"end":{"line":123,"column":73},"skip":true},{"start":{"line":123,"column":77},"end":{"line":136,"column":9},"skip":true}]},"13":{"line":138,"type":"binary-expr","locations":[{"start":{"line":138,"column":48},"end":{"line":138,"column":85},"skip":true},{"start":{"line":139,"column":12},"end":{"line":145,"column":13},"skip":true}]},"14":{"line":147,"type":"binary-expr","locations":[{"start":{"line":147,"column":42},"end":{"line":147,"column":73},"skip":true},{"start":{"line":147,"column":77},"end":{"line":156,"column":9},"skip":true}]},"15":{"line":158,"type":"binary-expr","locations":[{"start":{"line":158,"column":45},"end":{"line":158,"column":79},"skip":true},{"start":{"line":158,"column":83},"end":{"line":167,"column":9},"skip":true}]},"16":{"line":169,"type":"binary-expr","locations":[{"start":{"line":169,"column":43},"end":{"line":169,"column":75},"skip":true},{"start":{"line":169,"column":79},"end":{"line":178,"column":9},"skip":true}]},"17":{"line":180,"type":"binary-expr","locations":[{"start":{"line":180,"column":41},"end":{"line":180,"column":71},"skip":true},{"start":{"line":180,"column":75},"end":{"line":189,"column":9},"skip":true}]}},"code":["/* istanbul instrument in package npmtest_downpress */","/*jslint","    bitwise: true,","    browser: true,","    maxerr: 8,","    maxlen: 96,","    node: true,","    nomen: true,","    regexp: true,","    stupid: true","*/","(function () {","    'use strict';","    var local;","","","","    // run shared js-env code - pre-init","    (function () {","        // init local","        local = {};","        // init modeJs","        local.modeJs = (function () {","            try {","                return typeof navigator.userAgent === 'string' &&","                    typeof document.querySelector('body') === 'object' &&","                    typeof XMLHttpRequest.prototype.open === 'function' &&","                    'browser';","            } catch (errorCaughtBrowser) {","                return module.exports &&","                    typeof process.versions.node === 'string' &&","                    typeof require('http').createServer === 'function' &&","                    'node';","            }","        }());","        // init global","        local.global = local.modeJs === 'browser'","            ? window","            : global;","        switch (local.modeJs) {","        // re-init local from window.local","        case 'browser':","            local = local.global.utility2.objectSetDefault(","                local.global.utility2_rollup || local.global.local,","                local.global.utility2","            );","            break;","        // re-init local from example.js","        case 'node':","            local = (local.global.utility2_rollup || require('utility2'))","                .requireReadme();","            break;","        }","        // export local","        local.global.local = local;","    }());","","","","    // run shared js-env code - function","    (function () {","        return;","    }());","    switch (local.modeJs) {","","","","    // run browser js-env code - function","    case 'browser':","        break;","","","","    // run node js-env code - function","    case 'node':","        break;","    }","","","","    // run shared js-env code - post-init","    (function () {","        return;","    }());","    switch (local.modeJs) {","","","","    // run browser js-env code - post-init","    case 'browser':","        local.testCase_browser_nullCase = local.testCase_browser_nullCase || function (","            options,","            onError","        ) {","        /*","         * this function will test browsers's null-case handling-behavior-behavior","         */","            onError(null, options);","        };","","        // run tests","        local.nop(local.modeTest &&","            document.querySelector('#testRunButton1') &&","            document.querySelector('#testRunButton1').click());","        break;","","","","    // run node js-env code - post-init","    /* istanbul ignore next */","    case 'node':","        local.testCase_buildApidoc_default = local.testCase_buildApidoc_default || function (","            options,","            onError","        ) {","        /*","         * this function will test buildApidoc's default handling-behavior-behavior","         */","            options = { modulePathList: module.paths };","            local.buildApidoc(options, onError);","        };","","        local.testCase_buildApp_default = local.testCase_buildApp_default || function (","            options,","            onError","        ) {","        /*","         * this function will test buildApp's default handling-behavior-behavior","         */","            local.testCase_buildReadme_default(options, local.onErrorThrow);","            local.testCase_buildLib_default(options, local.onErrorThrow);","            local.testCase_buildTest_default(options, local.onErrorThrow);","            local.testCase_buildCustomOrg_default(options, local.onErrorThrow);","            options = [];","            local.buildApp(options, onError);","        };","","        local.testCase_buildCustomOrg_default = local.testCase_buildCustomOrg_default ||","            function (options, onError) {","            /*","             * this function will test buildCustomOrg's default handling-behavior","             */","                options = {};","                local.buildCustomOrg(options, onError);","            };","","        local.testCase_buildLib_default = local.testCase_buildLib_default || function (","            options,","            onError","        ) {","        /*","         * this function will test buildLib's default handling-behavior","         */","            options = {};","            local.buildLib(options, onError);","        };","","        local.testCase_buildReadme_default = local.testCase_buildReadme_default || function (","            options,","            onError","        ) {","        /*","         * this function will test buildReadme's default handling-behavior-behavior","         */","            options = {};","            local.buildReadme(options, onError);","        };","","        local.testCase_buildTest_default = local.testCase_buildTest_default || function (","            options,","            onError","        ) {","        /*","         * this function will test buildTest's default handling-behavior","         */","            options = {};","            local.buildTest(options, onError);","        };","","        local.testCase_webpage_default = local.testCase_webpage_default || function (","            options,","            onError","        ) {","        /*","         * this function will test webpage's default handling-behavior","         */","            options = { modeCoverageMerge: true, url: local.serverLocalHost + '?modeTest=1' };","            local.browserTest(options, onError);","        };","","        // run test-server","        local.testRunServer(local);","        break;","    }","}());",""],"l":{"12":2,"14":2,"19":2,"21":2,"23":2,"24":2,"25":2,"30":1,"37":2,"40":2,"43":1,"47":1,"50":1,"52":1,"55":2,"61":2,"62":2,"64":2,"70":1,"76":1,"82":2,"83":2,"85":2,"91":1,"98":1,"102":1,"105":1,"112":1,"119":1,"120":1,"123":1,"130":1,"131":1,"132":1,"133":1,"134":1,"135":1,"138":1,"143":2,"144":2,"147":1,"154":2,"155":2,"158":1,"165":2,"166":2,"169":1,"176":2,"177":2,"180":1,"187":1,"188":1,"192":1,"193":1}},"/home/travis/build/npmtest/node-npmtest-downpress/lib.npmtest_downpress.js":{"path":"/home/travis/build/npmtest/node-npmtest-downpress/lib.npmtest_downpress.js","s":{"1":2,"2":2,"3":2,"4":2,"5":2,"6":2,"7":2,"8":1,"9":2,"10":2,"11":2,"12":2,"13":1,"14":1,"15":1,"16":1},"b":{"1":[2,1,1,1],"2":[1,1,1,1],"3":[1,1],"4":[2,2],"5":[1,1]},"f":{"1":2,"2":2,"3":2},"fnMap":{"1":{"name":"(anonymous_1)","line":12,"loc":{"start":{"line":12,"column":1},"end":{"line":12,"column":13}}},"2":{"name":"(anonymous_2)","line":19,"loc":{"start":{"line":19,"column":5},"end":{"line":19,"column":17}}},"3":{"name":"(anonymous_3)","line":23,"loc":{"start":{"line":23,"column":24},"end":{"line":23,"column":36}}}},"statementMap":{"1":{"start":{"line":12,"column":0},"end":{"line":53,"column":5}},"2":{"start":{"line":14,"column":4},"end":{"line":14,"column":14}},"3":{"start":{"line":19,"column":4},"end":{"line":52,"column":9}},"4":{"start":{"line":21,"column":8},"end":{"line":21,"column":19}},"5":{"start":{"line":23,"column":8},"end":{"line":35,"column":13}},"6":{"start":{"line":24,"column":12},"end":{"line":34,"column":13}},"7":{"start":{"line":25,"column":16},"end":{"line":28,"column":30}},"8":{"start":{"line":30,"column":16},"end":{"line":33,"column":27}},"9":{"start":{"line":37,"column":8},"end":{"line":39,"column":21}},"10":{"start":{"line":41,"column":8},"end":{"line":41,"column":54}},"11":{"start":{"line":43,"column":8},"end":{"line":43,"column":54}},"12":{"start":{"line":45,"column":8},"end":{"line":51,"column":9}},"13":{"start":{"line":46,"column":12},"end":{"line":46,"column":60}},"14":{"start":{"line":48,"column":12},"end":{"line":48,"column":35}},"15":{"start":{"line":49,"column":12},"end":{"line":49,"column":49}},"16":{"start":{"line":50,"column":12},"end":{"line":50,"column":43}}},"branchMap":{"1":{"line":25,"type":"binary-expr","locations":[{"start":{"line":25,"column":23},"end":{"line":25,"column":62}},{"start":{"line":26,"column":20},"end":{"line":26,"column":70}},{"start":{"line":27,"column":20},"end":{"line":27,"column":71}},{"start":{"line":28,"column":20},"end":{"line":28,"column":29}}]},"2":{"line":30,"type":"binary-expr","locations":[{"start":{"line":30,"column":23},"end":{"line":30,"column":37}},{"start":{"line":31,"column":20},"end":{"line":31,"column":61}},{"start":{"line":32,"column":20},"end":{"line":32,"column":70}},{"start":{"line":33,"column":20},"end":{"line":33,"column":26}}]},"3":{"line":37,"type":"cond-expr","locations":[{"start":{"line":38,"column":14},"end":{"line":38,"column":20}},{"start":{"line":39,"column":14},"end":{"line":39,"column":20}}]},"4":{"line":41,"type":"binary-expr","locations":[{"start":{"line":41,"column":16},"end":{"line":41,"column":44}},{"start":{"line":41,"column":48},"end":{"line":41,"column":53}}]},"5":{"line":45,"type":"if","locations":[{"start":{"line":45,"column":8},"end":{"line":45,"column":8}},{"start":{"line":45,"column":8},"end":{"line":45,"column":8}}]}},"code":["/* istanbul instrument in package npmtest_downpress */","/*jslint","    bitwise: true,","    browser: true,","    maxerr: 8,","    maxlen: 96,","    node: true,","    nomen: true,","    regexp: true,","    stupid: true","*/","(function () {","    'use strict';","    var local;","","","","    // run shared js-env code - pre-init","    (function () {","        // init local","        local = {};","        // init modeJs","        local.modeJs = (function () {","            try {","                return typeof navigator.userAgent === 'string' &&","                    typeof document.querySelector('body') === 'object' &&","                    typeof XMLHttpRequest.prototype.open === 'function' &&","                    'browser';","            } catch (errorCaughtBrowser) {","                return module.exports &&","                    typeof process.versions.node === 'string' &&","                    typeof require('http').createServer === 'function' &&","                    'node';","            }","        }());","        // init global","        local.global = local.modeJs === 'browser'","            ? window","            : global;","        // init utility2_rollup","        local = local.global.utility2_rollup || local;","        // init lib","        local.local = local.npmtest_downpress = local;","        // init exports","        if (local.modeJs === 'browser') {","            local.global.utility2_npmtest_downpress = local;","        } else {","            module.exports = local;","            module.exports.__dirname = __dirname;","            module.exports.module = module;","        }","    }());","}());",""],"l":{"12":2,"14":2,"19":2,"21":2,"23":2,"24":2,"25":2,"30":1,"37":2,"41":2,"43":2,"45":2,"46":1,"48":1,"49":1,"50":1}},"/home/travis/build/npmtest/node-npmtest-downpress/example.js":{"path":"/home/travis/build/npmtest/node-npmtest-downpress/example.js","s":{"1":2,"2":2,"3":2,"4":2,"5":2,"6":2,"7":2,"8":1,"9":2,"10":2,"11":2,"12":2,"13":1,"14":2,"15":2,"16":2,"17":2,"18":2,"19":0,"20":2,"21":1,"22":1,"23":1,"24":1,"25":1,"26":0,"27":0,"28":1,"29":1,"30":2,"31":0,"32":0,"33":0,"34":1,"35":2,"36":2,"37":3,"38":3,"39":3,"40":3,"41":0,"42":3,"43":3,"44":3,"45":1,"46":3,"47":1,"48":1,"49":1,"50":1,"51":1,"52":1,"53":1,"54":1,"55":1,"56":1,"57":0,"58":1,"59":6,"60":6,"61":1,"62":2,"63":0,"64":2,"65":1,"66":1,"67":0,"68":0,"69":0,"70":0,"71":0,"72":0,"73":0,"74":0,"75":0,"76":0,"77":0,"78":0,"79":0,"80":0,"81":0,"82":0,"83":0},"b":{"1":[2,1,1,1],"2":[1,1,1,1],"3":[1,1],"4":[2,2],"5":[1,1],"6":[1,1],"7":[2,0],"8":[2,1,1,1,1,1],"9":[0,2,0],"10":[1,1],"11":[2,1,1],"12":[1,0],"13":[0,2],"14":[2,0,0,0,0,0,0],"15":[0,3],"16":[3,0],"17":[1,1],"18":[0,1],"19":[1,2,0,2],"20":[1,0],"21":[1,1],"22":[0,0],"23":[0,0],"24":[0,0],"25":[0,0],"26":[0,0],"27":[0,0],"28":[0,0]},"f":{"1":2,"2":2,"3":2,"4":2,"5":2,"6":2,"7":3,"8":3,"9":3,"10":1,"11":6,"12":0},"fnMap":{"1":{"name":"(anonymous_1)","line":26,"loc":{"start":{"line":26,"column":1},"end":{"line":26,"column":13}}},"2":{"name":"(anonymous_2)","line":33,"loc":{"start":{"line":33,"column":5},"end":{"line":33,"column":17}}},"3":{"name":"(anonymous_3)","line":37,"loc":{"start":{"line":37,"column":24},"end":{"line":37,"column":36}}},"4":{"name":"(anonymous_4)","line":69,"loc":{"start":{"line":69,"column":31},"end":{"line":69,"column":48}},"skip":true},"5":{"name":"(anonymous_5)","line":78,"loc":{"start":{"line":78,"column":26},"end":{"line":78,"column":45}},"skip":true},"6":{"name":"(anonymous_6)","line":123,"loc":{"start":{"line":123,"column":33},"end":{"line":123,"column":48}},"skip":true},"7":{"name":"(anonymous_7)","line":125,"loc":{"start":{"line":125,"column":27},"end":{"line":125,"column":39}},"skip":true},"8":{"name":"(anonymous_8)","line":133,"loc":{"start":{"line":133,"column":59},"end":{"line":133,"column":74}},"skip":true},"9":{"name":"(anonymous_9)","line":143,"loc":{"start":{"line":143,"column":45},"end":{"line":143,"column":62}},"skip":true},"10":{"name":"(anonymous_10)","line":144,"loc":{"start":{"line":144,"column":73},"end":{"line":144,"column":92}},"skip":true},"11":{"name":"(anonymous_11)","line":272,"loc":{"start":{"line":272,"column":51},"end":{"line":272,"column":77}},"skip":true},"12":{"name":"(anonymous_12)","line":315,"loc":{"start":{"line":315,"column":32},"end":{"line":315,"column":61}},"skip":true}},"statementMap":{"1":{"start":{"line":26,"column":0},"end":{"line":326,"column":5}},"2":{"start":{"line":28,"column":4},"end":{"line":28,"column":14}},"3":{"start":{"line":33,"column":4},"end":{"line":60,"column":9}},"4":{"start":{"line":35,"column":8},"end":{"line":35,"column":19}},"5":{"start":{"line":37,"column":8},"end":{"line":49,"column":13}},"6":{"start":{"line":38,"column":12},"end":{"line":48,"column":13}},"7":{"start":{"line":39,"column":16},"end":{"line":42,"column":30}},"8":{"start":{"line":44,"column":16},"end":{"line":47,"column":27}},"9":{"start":{"line":51,"column":8},"end":{"line":53,"column":21}},"10":{"start":{"line":55,"column":8},"end":{"line":57,"column":45}},"11":{"start":{"line":59,"column":8},"end":{"line":59,"column":35}},"12":{"start":{"line":61,"column":4},"end":{"line":325,"column":5}},"13":{"start":{"line":69,"column":8},"end":{"line":121,"column":10},"skip":true},"14":{"start":{"line":70,"column":12},"end":{"line":88,"column":13},"skip":true},"15":{"start":{"line":76,"column":16},"end":{"line":87,"column":19},"skip":true},"16":{"start":{"line":79,"column":20},"end":{"line":86,"column":21},"skip":true},"17":{"start":{"line":82,"column":24},"end":{"line":82,"column":43},"skip":true},"18":{"start":{"line":83,"column":24},"end":{"line":83,"column":30},"skip":true},"19":{"start":{"line":85,"column":24},"end":{"line":85,"column":49},"skip":true},"20":{"start":{"line":89,"column":12},"end":{"line":107,"column":13},"skip":true},"21":{"start":{"line":92,"column":16},"end":{"line":102,"column":17},"skip":true},"22":{"start":{"line":93,"column":20},"end":{"line":93,"column":86},"skip":true},"23":{"start":{"line":94,"column":20},"end":{"line":95,"column":45},"skip":true},"24":{"start":{"line":96,"column":20},"end":{"line":96,"column":42},"skip":true},"25":{"start":{"line":97,"column":20},"end":{"line":97,"column":48},"skip":true},"26":{"start":{"line":100,"column":20},"end":{"line":100,"column":85},"skip":true},"27":{"start":{"line":101,"column":20},"end":{"line":101,"column":96},"skip":true},"28":{"start":{"line":103,"column":16},"end":{"line":103,"column":22},"skip":true},"29":{"start":{"line":106,"column":16},"end":{"line":106,"column":22},"skip":true},"30":{"start":{"line":108,"column":12},"end":{"line":120,"column":13},"skip":true},"31":{"start":{"line":114,"column":16},"end":{"line":119,"column":17},"skip":true},"32":{"start":{"line":116,"column":20},"end":{"line":116,"column":78},"skip":true},"33":{"start":{"line":118,"column":20},"end":{"line":118,"column":47},"skip":true},"34":{"start":{"line":123,"column":8},"end":{"line":141,"column":11},"skip":true},"35":{"start":{"line":124,"column":12},"end":{"line":124,"column":54},"skip":true},"36":{"start":{"line":125,"column":12},"end":{"line":140,"column":14},"skip":true},"37":{"start":{"line":126,"column":16},"end":{"line":126,"column":28},"skip":true},"38":{"start":{"line":127,"column":16},"end":{"line":127,"column":69},"skip":true},"39":{"start":{"line":128,"column":16},"end":{"line":128,"column":75},"skip":true},"40":{"start":{"line":129,"column":16},"end":{"line":131,"column":17},"skip":true},"41":{"start":{"line":130,"column":20},"end":{"line":130,"column":27},"skip":true},"42":{"start":{"line":133,"column":16},"end":{"line":137,"column":36},"skip":true},"43":{"start":{"line":134,"column":20},"end":{"line":136,"column":55},"skip":true},"44":{"start":{"line":139,"column":16},"end":{"line":139,"column":57},"skip":true},"45":{"start":{"line":143,"column":8},"end":{"line":147,"column":11},"skip":true},"46":{"start":{"line":144,"column":12},"end":{"line":146,"column":15},"skip":true},"47":{"start":{"line":145,"column":16},"end":{"line":145,"column":70},"skip":true},"48":{"start":{"line":149,"column":8},"end":{"line":149,"column":31},"skip":true},"49":{"start":{"line":150,"column":8},"end":{"line":150,"column":14},"skip":true},"50":{"start":{"line":158,"column":8},"end":{"line":158,"column":31},"skip":true},"51":{"start":{"line":160,"column":8},"end":{"line":160,"column":33},"skip":true},"52":{"start":{"line":161,"column":8},"end":{"line":161,"column":37},"skip":true},"53":{"start":{"line":162,"column":8},"end":{"line":162,"column":35},"skip":true},"54":{"start":{"line":164,"column":8},"end":{"line":164,"column":50},"skip":true},"55":{"start":{"line":166,"column":8},"end":{"line":256,"column":2},"skip":true},"56":{"start":{"line":258,"column":8},"end":{"line":286,"column":9},"skip":true},"57":{"start":{"line":259,"column":12},"end":{"line":269,"column":14},"skip":true},"58":{"start":{"line":271,"column":12},"end":{"line":285,"column":19},"skip":true},"59":{"start":{"line":274,"column":20},"end":{"line":274,"column":35},"skip":true},"60":{"start":{"line":275,"column":20},"end":{"line":284,"column":21},"skip":true},"61":{"start":{"line":277,"column":24},"end":{"line":277,"column":64},"skip":true},"62":{"start":{"line":279,"column":24},"end":{"line":279,"column":40},"skip":true},"63":{"start":{"line":281,"column":24},"end":{"line":281,"column":40},"skip":true},"64":{"start":{"line":283,"column":24},"end":{"line":283,"column":39},"skip":true},"65":{"start":{"line":288,"column":8},"end":{"line":290,"column":9},"skip":true},"66":{"start":{"line":289,"column":12},"end":{"line":289,"column":18},"skip":true},"67":{"start":{"line":291,"column":8},"end":{"line":293,"column":54},"skip":true},"68":{"start":{"line":296,"column":8},"end":{"line":301,"column":37},"skip":true},"69":{"start":{"line":303,"column":8},"end":{"line":303,"column":82},"skip":true},"70":{"start":{"line":306,"column":8},"end":{"line":308,"column":9},"skip":true},"71":{"start":{"line":307,"column":12},"end":{"line":307,"column":82},"skip":true},"72":{"start":{"line":310,"column":8},"end":{"line":312,"column":9},"skip":true},"73":{"start":{"line":311,"column":12},"end":{"line":311,"column":18},"skip":true},"74":{"start":{"line":313,"column":8},"end":{"line":313,"column":54},"skip":true},"75":{"start":{"line":314,"column":8},"end":{"line":314,"column":69},"skip":true},"76":{"start":{"line":315,"column":8},"end":{"line":323,"column":36},"skip":true},"77":{"start":{"line":316,"column":12},"end":{"line":316,"column":61},"skip":true},"78":{"start":{"line":317,"column":12},"end":{"line":320,"column":13},"skip":true},"79":{"start":{"line":318,"column":16},"end":{"line":318,"column":75},"skip":true},"80":{"start":{"line":319,"column":16},"end":{"line":319,"column":23},"skip":true},"81":{"start":{"line":321,"column":12},"end":{"line":321,"column":38},"skip":true},"82":{"start":{"line":322,"column":12},"end":{"line":322,"column":27},"skip":true},"83":{"start":{"line":324,"column":8},"end":{"line":324,"column":14},"skip":true}},"branchMap":{"1":{"line":39,"type":"binary-expr","locations":[{"start":{"line":39,"column":23},"end":{"line":39,"column":62}},{"start":{"line":40,"column":20},"end":{"line":40,"column":70}},{"start":{"line":41,"column":20},"end":{"line":41,"column":71}},{"start":{"line":42,"column":20},"end":{"line":42,"column":29}}]},"2":{"line":44,"type":"binary-expr","locations":[{"start":{"line":44,"column":23},"end":{"line":44,"column":37}},{"start":{"line":45,"column":20},"end":{"line":45,"column":61}},{"start":{"line":46,"column":20},"end":{"line":46,"column":70}},{"start":{"line":47,"column":20},"end":{"line":47,"column":26}}]},"3":{"line":51,"type":"cond-expr","locations":[{"start":{"line":52,"column":14},"end":{"line":52,"column":20}},{"start":{"line":53,"column":14},"end":{"line":53,"column":20}}]},"4":{"line":55,"type":"binary-expr","locations":[{"start":{"line":55,"column":16},"end":{"line":55,"column":44}},{"start":{"line":55,"column":49},"end":{"line":57,"column":43}}]},"5":{"line":55,"type":"cond-expr","locations":[{"start":{"line":56,"column":14},"end":{"line":56,"column":53}},{"start":{"line":57,"column":14},"end":{"line":57,"column":43}}]},"6":{"line":61,"type":"switch","locations":[{"start":{"line":68,"column":4},"end":{"line":150,"column":14},"skip":true},{"start":{"line":156,"column":4},"end":{"line":324,"column":14},"skip":true}]},"7":{"line":70,"type":"if","locations":[{"start":{"line":70,"column":12},"end":{"line":70,"column":12},"skip":true},{"start":{"line":70,"column":12},"end":{"line":70,"column":12},"skip":true}]},"8":{"line":70,"type":"binary-expr","locations":[{"start":{"line":70,"column":16},"end":{"line":70,"column":22},"skip":true},{"start":{"line":70,"column":27},"end":{"line":70,"column":32},"skip":true},{"start":{"line":71,"column":20},"end":{"line":71,"column":39},"skip":true},{"start":{"line":72,"column":20},"end":{"line":72,"column":49},"skip":true},{"start":{"line":73,"column":20},"end":{"line":73,"column":58},"skip":true},{"start":{"line":74,"column":20},"end":{"line":74,"column":69},"skip":true}]},"9":{"line":79,"type":"switch","locations":[{"start":{"line":80,"column":20},"end":{"line":80,"column":33},"skip":true},{"start":{"line":81,"column":20},"end":{"line":83,"column":30},"skip":true},{"start":{"line":84,"column":20},"end":{"line":85,"column":49},"skip":true}]},"10":{"line":89,"type":"switch","locations":[{"start":{"line":90,"column":12},"end":{"line":103,"column":22},"skip":true},{"start":{"line":105,"column":12},"end":{"line":106,"column":22},"skip":true}]},"11":{"line":89,"type":"binary-expr","locations":[{"start":{"line":89,"column":20},"end":{"line":89,"column":25},"skip":true},{"start":{"line":89,"column":29},"end":{"line":89,"column":48},"skip":true},{"start":{"line":89,"column":52},"end":{"line":89,"column":74},"skip":true}]},"12":{"line":92,"type":"if","locations":[{"start":{"line":92,"column":16},"end":{"line":92,"column":16},"skip":true},{"start":{"line":92,"column":16},"end":{"line":92,"column":16},"skip":true}]},"13":{"line":108,"type":"if","locations":[{"start":{"line":108,"column":12},"end":{"line":108,"column":12},"skip":true},{"start":{"line":108,"column":12},"end":{"line":108,"column":12},"skip":true}]},"14":{"line":108,"type":"binary-expr","locations":[{"start":{"line":108,"column":16},"end":{"line":108,"column":61},"skip":true},{"start":{"line":108,"column":66},"end":{"line":108,"column":72},"skip":true},{"start":{"line":108,"column":77},"end":{"line":108,"column":82},"skip":true},{"start":{"line":109,"column":20},"end":{"line":109,"column":39},"skip":true},{"start":{"line":110,"column":20},"end":{"line":110,"column":49},"skip":true},{"start":{"line":111,"column":20},"end":{"line":111,"column":58},"skip":true},{"start":{"line":112,"column":20},"end":{"line":112,"column":68},"skip":true}]},"15":{"line":129,"type":"if","locations":[{"start":{"line":129,"column":16},"end":{"line":129,"column":16},"skip":true},{"start":{"line":129,"column":16},"end":{"line":129,"column":16},"skip":true}]},"16":{"line":134,"type":"cond-expr","locations":[{"start":{"line":135,"column":26},"end":{"line":135,"column":29},"skip":true},{"start":{"line":136,"column":26},"end":{"line":136,"column":54},"skip":true}]},"17":{"line":164,"type":"binary-expr","locations":[{"start":{"line":164,"column":27},"end":{"line":164,"column":43},"skip":true},{"start":{"line":164,"column":47},"end":{"line":164,"column":49},"skip":true}]},"18":{"line":258,"type":"if","locations":[{"start":{"line":258,"column":8},"end":{"line":258,"column":8},"skip":true},{"start":{"line":258,"column":8},"end":{"line":258,"column":8},"skip":true}]},"19":{"line":275,"type":"switch","locations":[{"start":{"line":276,"column":20},"end":{"line":277,"column":64},"skip":true},{"start":{"line":278,"column":20},"end":{"line":279,"column":40},"skip":true},{"start":{"line":280,"column":20},"end":{"line":281,"column":40},"skip":true},{"start":{"line":282,"column":20},"end":{"line":283,"column":39},"skip":true}]},"20":{"line":288,"type":"if","locations":[{"start":{"line":288,"column":8},"end":{"line":288,"column":8},"skip":true},{"start":{"line":288,"column":8},"end":{"line":288,"column":8},"skip":true}]},"21":{"line":288,"type":"binary-expr","locations":[{"start":{"line":288,"column":12},"end":{"line":288,"column":40},"skip":true},{"start":{"line":288,"column":44},"end":{"line":288,"column":67},"skip":true}]},"22":{"line":292,"type":"binary-expr","locations":[{"start":{"line":292,"column":12},"end":{"line":292,"column":50},"skip":true},{"start":{"line":293,"column":12},"end":{"line":293,"column":53},"skip":true}]},"23":{"line":297,"type":"binary-expr","locations":[{"start":{"line":297,"column":12},"end":{"line":297,"column":67},"skip":true},{"start":{"line":298,"column":12},"end":{"line":301,"column":36},"skip":true}]},"24":{"line":303,"type":"binary-expr","locations":[{"start":{"line":303,"column":43},"end":{"line":303,"column":75},"skip":true},{"start":{"line":303,"column":79},"end":{"line":303,"column":81},"skip":true}]},"25":{"line":306,"type":"if","locations":[{"start":{"line":306,"column":8},"end":{"line":306,"column":8},"skip":true},{"start":{"line":306,"column":8},"end":{"line":306,"column":8},"skip":true}]},"26":{"line":310,"type":"if","locations":[{"start":{"line":310,"column":8},"end":{"line":310,"column":8},"skip":true},{"start":{"line":310,"column":8},"end":{"line":310,"column":8},"skip":true}]},"27":{"line":313,"type":"binary-expr","locations":[{"start":{"line":313,"column":27},"end":{"line":313,"column":43},"skip":true},{"start":{"line":313,"column":47},"end":{"line":313,"column":53},"skip":true}]},"28":{"line":317,"type":"if","locations":[{"start":{"line":317,"column":12},"end":{"line":317,"column":12},"skip":true},{"start":{"line":317,"column":12},"end":{"line":317,"column":12},"skip":true}]}},"code":["/*","example.js","","quickstart example","","instruction","    1. save this script as example.js","    2. run the shell command:","        $ npm install npmtest-downpress && PORT=8081 node example.js","    3. play with the browser-demo on http://127.0.0.1:8081","*/","","","","/* istanbul instrument in package npmtest_downpress */","/*jslint","    bitwise: true,","    browser: true,","    maxerr: 8,","    maxlen: 96,","    node: true,","    nomen: true,","    regexp: true,","    stupid: true","*/","(function () {","    'use strict';","    var local;","","","","    // run shared js-env code - pre-init","    (function () {","        // init local","        local = {};","        // init modeJs","        local.modeJs = (function () {","            try {","                return typeof navigator.userAgent === 'string' &&","                    typeof document.querySelector('body') === 'object' &&","                    typeof XMLHttpRequest.prototype.open === 'function' &&","                    'browser';","            } catch (errorCaughtBrowser) {","                return module.exports &&","                    typeof process.versions.node === 'string' &&","                    typeof require('http').createServer === 'function' &&","                    'node';","            }","        }());","        // init global","        local.global = local.modeJs === 'browser'","            ? window","            : global;","        // init utility2_rollup","        local = local.global.utility2_rollup || (local.modeJs === 'browser'","            ? local.global.utility2_npmtest_downpress","            : global.utility2_moduleExports);","        // export local","        local.global.local = local;","    }());","    switch (local.modeJs) {","","","","    // post-init","    // run browser js-env code - post-init","    /* istanbul ignore next */","    case 'browser':","        local.testRunBrowser = function (event) {","            if (!event || (event &&","                    event.currentTarget &&","                    event.currentTarget.className &&","                    event.currentTarget.className.includes &&","                    event.currentTarget.className.includes('onreset'))) {","                // reset output","                Array.from(","                    document.querySelectorAll('body > .resettable')","                ).forEach(function (element) {","                    switch (element.tagName) {","                    case 'INPUT':","                    case 'TEXTAREA':","                        element.value = '';","                        break;","                    default:","                        element.textContent = '';","                    }","                });","            }","            switch (event && event.currentTarget && event.currentTarget.id) {","            case 'testRunButton1':","                // show tests","                if (document.querySelector('#testReportDiv1').style.display === 'none') {","                    document.querySelector('#testReportDiv1').style.display = 'block';","                    document.querySelector('#testRunButton1').textContent =","                        'hide internal test';","                    local.modeTest = true;","                    local.testRunDefault(local);","                // hide tests","                } else {","                    document.querySelector('#testReportDiv1').style.display = 'none';","                    document.querySelector('#testRunButton1').textContent = 'run internal test';","                }","                break;","            // custom-case","            default:","                break;","            }","            if (document.querySelector('#inputTextareaEval1') && (!event || (event &&","                    event.currentTarget &&","                    event.currentTarget.className &&","                    event.currentTarget.className.includes &&","                    event.currentTarget.className.includes('oneval')))) {","                // try to eval input-code","                try {","                    /*jslint evil: true*/","                    eval(document.querySelector('#inputTextareaEval1').value);","                } catch (errorCaught) {","                    console.error(errorCaught);","                }","            }","        };","        // log stderr and stdout to #outputTextareaStdout1","        ['error', 'log'].forEach(function (key) {","            console[key + '_original'] = console[key];","            console[key] = function () {","                var element;","                console[key + '_original'].apply(console, arguments);","                element = document.querySelector('#outputTextareaStdout1');","                if (!element) {","                    return;","                }","                // append text to #outputTextareaStdout1","                element.value += Array.from(arguments).map(function (arg) {","                    return typeof arg === 'string'","                        ? arg","                        : JSON.stringify(arg, null, 4);","                }).join(' ') + '\\n';","                // scroll textarea to bottom","                element.scrollTop = element.scrollHeight;","            };","        });","        // init event-handling","        ['change', 'click', 'keyup'].forEach(function (event) {","            Array.from(document.querySelectorAll('.on' + event)).forEach(function (element) {","                element.addEventListener(event, local.testRunBrowser);","            });","        });","        // run tests","        local.testRunBrowser();","        break;","","","","    // run node js-env code - post-init","    /* istanbul ignore next */","    case 'node':","        // export local","        module.exports = local;","        // require modules","        local.fs = require('fs');","        local.http = require('http');","        local.url = require('url');","        // init assets","        local.assetsDict = local.assetsDict || {};","        /* jslint-ignore-begin */","        local.assetsDict['/assets.index.template.html'] = '\\","<!doctype html>\\n\\","<html lang=\"en\">\\n\\","<head>\\n\\","<meta charset=\"UTF-8\">\\n\\","<meta name=\"viewport\" content=\"width=device-width, initial-scale=1\">\\n\\","<title>{{env.npm_package_name}} (v{{env.npm_package_version}})</title>\\n\\","<style>\\n\\","/*csslint\\n\\","    box-sizing: false,\\n\\","    universal-selector: false\\n\\","*/\\n\\","* {\\n\\","    box-sizing: border-box;\\n\\","}\\n\\","body {\\n\\","    background: #dde;\\n\\","    font-family: Arial, Helvetica, sans-serif;\\n\\","    margin: 2rem;\\n\\","}\\n\\","body > * {\\n\\","    margin-bottom: 1rem;\\n\\","}\\n\\",".utility2FooterDiv {\\n\\","    margin-top: 20px;\\n\\","    text-align: center;\\n\\","}\\n\\","</style>\\n\\","<style>\\n\\","/*csslint\\n\\","*/\\n\\","textarea {\\n\\","    font-family: monospace;\\n\\","    height: 10rem;\\n\\","    width: 100%;\\n\\","}\\n\\","textarea[readonly] {\\n\\","    background: #ddd;\\n\\","}\\n\\","</style>\\n\\","</head>\\n\\","<body>\\n\\","<!-- utility2-comment\\n\\","<div id=\"ajaxProgressDiv1\" style=\"background: #d00; height: 2px; left: 0; margin: 0; padding: 0; position: fixed; top: 0; transition: background 0.5s, width 1.5s; width: 25%;\"></div>\\n\\","utility2-comment -->\\n\\","<h1>\\n\\","<!-- utility2-comment\\n\\","    <a\\n\\","        {{#if env.npm_package_homepage}}\\n\\","        href=\"{{env.npm_package_homepage}}\"\\n\\","        {{/if env.npm_package_homepage}}\\n\\","        target=\"_blank\"\\n\\","    >\\n\\","utility2-comment -->\\n\\","        {{env.npm_package_name}} (v{{env.npm_package_version}})\\n\\","<!-- utility2-comment\\n\\","    </a>\\n\\","utility2-comment -->\\n\\","</h1>\\n\\","<h3>{{env.npm_package_description}}</h3>\\n\\","<!-- utility2-comment\\n\\","<h4><a download href=\"assets.app.js\">download standalone app</a></h4>\\n\\","<button class=\"onclick onreset\" id=\"testRunButton1\">run internal test</button><br>\\n\\","<div id=\"testReportDiv1\" style=\"display: none;\"></div>\\n\\","utility2-comment -->\\n\\","\\n\\","\\n\\","\\n\\","<label>stderr and stdout</label>\\n\\","<textarea class=\"resettable\" id=\"outputTextareaStdout1\" readonly></textarea>\\n\\","<!-- utility2-comment\\n\\","{{#if isRollup}}\\n\\","<script src=\"assets.app.js\"></script>\\n\\","{{#unless isRollup}}\\n\\","utility2-comment -->\\n\\","<script src=\"assets.utility2.rollup.js\"></script>\\n\\","<script src=\"jsonp.utility2._stateInit?callback=window.utility2._stateInit\"></script>\\n\\","<script src=\"assets.npmtest_downpress.rollup.js\"></script>\\n\\","<script src=\"assets.example.js\"></script>\\n\\","<script src=\"assets.test.js\"></script>\\n\\","<!-- utility2-comment\\n\\","{{/if isRollup}}\\n\\","utility2-comment -->\\n\\","<div class=\"utility2FooterDiv\">\\n\\","    [ this app was created with\\n\\","    <a href=\"https://github.com/kaizhu256/node-utility2\" target=\"_blank\">utility2</a>\\n\\","    ]\\n\\","</div>\\n\\","</body>\\n\\","</html>\\n\\","';","        /* jslint-ignore-end */","        if (local.templateRender) {","            local.assetsDict['/'] = local.templateRender(","                local.assetsDict['/assets.index.template.html'],","                {","                    env: local.objectSetDefault(local.env, {","                        npm_package_description: 'the greatest app in the world!',","                        npm_package_name: 'my-app',","                        npm_package_nameAlias: 'my_app',","                        npm_package_version: '0.0.1'","                    })","                }","            );","        } else {","            local.assetsDict['/'] = local.assetsDict['/assets.index.template.html']","                .replace((/\\{\\{env\\.(\\w+?)\\}\\}/g), function (match0, match1) {","                    // jslint-hack","                    String(match0);","                    switch (match1) {","                    case 'npm_package_description':","                        return 'the greatest app in the world!';","                    case 'npm_package_name':","                        return 'my-app';","                    case 'npm_package_nameAlias':","                        return 'my_app';","                    case 'npm_package_version':","                        return '0.0.1';","                    }","                });","        }","        // run the cli","        if (local.global.utility2_rollup || module !== require.main) {","            break;","        }","        local.assetsDict['/assets.example.js'] =","            local.assetsDict['/assets.example.js'] ||","            local.fs.readFileSync(__filename, 'utf8');","        // bug-workaround - long $npm_package_buildCustomOrg","        /* jslint-ignore-begin */","        local.assetsDict['/assets.npmtest_downpress.rollup.js'] =","            local.assetsDict['/assets.npmtest_downpress.rollup.js'] ||","            local.fs.readFileSync(","                local.npmtest_downpress.__dirname + '/lib.npmtest_downpress.js',","                'utf8'","            ).replace((/^#!/), '//');","        /* jslint-ignore-end */","        local.assetsDict['/favicon.ico'] = local.assetsDict['/favicon.ico'] || '';","        // if $npm_config_timeout_exit exists,","        // then exit this process after $npm_config_timeout_exit ms","        if (Number(process.env.npm_config_timeout_exit)) {","            setTimeout(process.exit, Number(process.env.npm_config_timeout_exit));","        }","        // start server","        if (local.global.utility2_serverHttp1) {","            break;","        }","        process.env.PORT = process.env.PORT || '8081';","        console.error('server starting on port ' + process.env.PORT);","        local.http.createServer(function (request, response) {","            request.urlParsed = local.url.parse(request.url);","            if (local.assetsDict[request.urlParsed.pathname] !== undefined) {","                response.end(local.assetsDict[request.urlParsed.pathname]);","                return;","            }","            response.statusCode = 404;","            response.end();","        }).listen(process.env.PORT);","        break;","    }","}());",""],"l":{"26":2,"28":2,"33":2,"35":2,"37":2,"38":2,"39":2,"44":1,"51":2,"55":2,"59":2,"61":2,"69":1,"70":2,"76":2,"79":2,"82":2,"83":2,"85":1,"89":2,"92":1,"93":1,"94":1,"96":1,"97":1,"100":1,"101":1,"103":1,"106":1,"108":2,"114":1,"116":1,"118":1,"123":1,"124":2,"125":2,"126":3,"127":3,"128":3,"129":3,"130":1,"133":3,"134":3,"139":3,"143":1,"144":3,"145":1,"149":1,"150":1,"158":1,"160":1,"161":1,"162":1,"164":1,"166":1,"258":1,"259":1,"271":1,"274":6,"275":6,"277":1,"279":2,"281":1,"283":2,"288":1,"289":1,"291":1,"296":1,"303":1,"306":1,"307":1,"310":1,"311":1,"313":1,"314":1,"315":1,"316":1,"317":1,"318":1,"319":1,"321":1,"322":1,"324":1}},"/home/travis/build/npmtest/node-npmtest-downpress/node_modules/downpress/binaries/Binary.js":{"path":"/home/travis/build/npmtest/node-npmtest-downpress/node_modules/downpress/binaries/Binary.js","s":{"1":1,"2":1,"3":1,"4":1,"5":1,"6":0,"7":1,"8":1,"9":0,"10":0,"11":0,"12":0,"13":0,"14":0,"15":0,"16":0,"17":0,"18":0,"19":0,"20":0,"21":1,"22":0,"23":0,"24":0,"25":0,"26":0,"27":0,"28":0,"29":0,"30":0,"31":0,"32":0,"33":0,"34":0,"35":0,"36":0,"37":0,"38":0,"39":0,"40":0,"41":0,"42":0,"43":0,"44":0,"45":0,"46":0,"47":0,"48":0,"49":0,"50":1,"51":0,"52":0,"53":1,"54":0,"55":0,"56":0,"57":0,"58":0,"59":0,"60":0,"61":1,"62":0,"63":0,"64":1,"65":0,"66":0,"67":0,"68":0,"69":0,"70":0,"71":0,"72":0,"73":0,"74":0,"75":0,"76":0,"77":0,"78":0,"79":1,"80":0,"81":0,"82":1,"83":0,"84":0,"85":0,"86":0,"87":0,"88":0,"89":0,"90":0,"91":0,"92":0,"93":0,"94":0,"95":0,"96":0,"97":0,"98":0,"99":0,"100":0,"101":0,"102":0,"103":0,"104":0,"105":0,"106":0,"107":0,"108":0,"109":0,"110":0,"111":0,"112":0,"113":0,"114":0,"115":0,"116":0,"117":0,"118":0,"119":1,"120":0,"121":0,"122":0,"123":1,"124":0,"125":0,"126":1,"127":0,"128":0,"129":0,"130":0,"131":0,"132":1,"133":0,"134":0,"135":0,"136":0,"137":0,"138":0,"139":0,"140":1,"141":0,"142":0,"143":0,"144":0,"145":0,"146":0,"147":0,"148":0,"149":0,"150":0,"151":0,"152":1,"153":0,"154":1,"155":0,"156":0,"157":0,"158":0,"159":0,"160":0,"161":0,"162":0,"163":0,"164":0,"165":1,"166":0,"167":0,"168":0,"169":0,"170":0,"171":0,"172":0,"173":0,"174":1,"175":1,"176":1,"177":1,"178":1,"179":0,"180":1,"181":1,"182":1,"183":1,"184":1,"185":1,"186":1,"187":0,"188":0,"189":0,"190":0,"191":0,"192":0,"193":0,"194":0,"195":0,"196":0,"197":0,"198":0,"199":0,"200":1,"201":0,"202":0,"203":0,"204":0,"205":0,"206":0,"207":0,"208":1,"209":1,"210":1,"211":1,"212":1,"213":1},"b":{"1":[0,0,0,0,0],"2":[0,0],"3":[0,0],"4":[0,0],"5":[0,0],"6":[0,0],"7":[0,0],"8":[0,0],"9":[0,0],"10":[0,0],"11":[0,1],"12":[1,0],"13":[0,0],"14":[0,0],"15":[0,0],"16":[0,0],"17":[0,0],"18":[0,0],"19":[0,0]},"f":{"1":1,"2":0,"3":0,"4":0,"5":0,"6":0,"7":0,"8":0,"9":0,"10":0,"11":0,"12":0,"13":0,"14":0,"15":0,"16":0,"17":0,"18":0,"19":0,"20":0,"21":0,"22":0,"23":1,"24":1,"25":1,"26":0,"27":1},"fnMap":{"1":{"name":"(anonymous_1)","line":10,"loc":{"start":{"line":10,"column":20},"end":{"line":10,"column":30}}},"2":{"name":"(anonymous_2)","line":21,"loc":{"start":{"line":21,"column":28},"end":{"line":21,"column":38}}},"3":{"name":"(anonymous_3)","line":34,"loc":{"start":{"line":34,"column":50},"end":{"line":34,"column":60}}},"4":{"name":"(anonymous_4)","line":63,"loc":{"start":{"line":63,"column":37},"end":{"line":63,"column":47}}},"5":{"name":"(anonymous_5)","line":103,"loc":{"start":{"line":103,"column":35},"end":{"line":103,"column":45}}},"6":{"name":"(anonymous_6)","line":114,"loc":{"start":{"line":114,"column":34},"end":{"line":114,"column":44}}},"7":{"name":"(anonymous_7)","line":132,"loc":{"start":{"line":132,"column":35},"end":{"line":132,"column":45}}},"8":{"name":"handleFolderErrors","line":137,"loc":{"start":{"line":137,"column":8},"end":{"line":137,"column":40}}},"9":{"name":"(anonymous_9)","line":168,"loc":{"start":{"line":168,"column":55},"end":{"line":168,"column":65}}},"10":{"name":"handleFolderErrors","line":173,"loc":{"start":{"line":173,"column":8},"end":{"line":173,"column":40}}},"11":{"name":"(anonymous_11)","line":225,"loc":{"start":{"line":225,"column":46},"end":{"line":225,"column":56}}},"12":{"name":"(anonymous_12)","line":237,"loc":{"start":{"line":237,"column":48},"end":{"line":237,"column":58}}},"13":{"name":"doesntExists","line":245,"loc":{"start":{"line":245,"column":5},"end":{"line":245,"column":28}}},"14":{"name":"(anonymous_14)","line":250,"loc":{"start":{"line":250,"column":28},"end":{"line":250,"column":44}}},"15":{"name":"(anonymous_15)","line":260,"loc":{"start":{"line":260,"column":41},"end":{"line":260,"column":51}}},"16":{"name":"(anonymous_16)","line":269,"loc":{"start":{"line":269,"column":25},"end":{"line":269,"column":40}}},"17":{"name":"(anonymous_17)","line":279,"loc":{"start":{"line":279,"column":41},"end":{"line":279,"column":56}}},"18":{"name":"(anonymous_18)","line":307,"loc":{"start":{"line":307,"column":42},"end":{"line":307,"column":52}}},"19":{"name":"(anonymous_19)","line":323,"loc":{"start":{"line":323,"column":43},"end":{"line":323,"column":53}}},"20":{"name":"(anonymous_20)","line":334,"loc":{"start":{"line":334,"column":32},"end":{"line":334,"column":46}}},"21":{"name":"(anonymous_21)","line":338,"loc":{"start":{"line":338,"column":27},"end":{"line":338,"column":53}}},"22":{"name":"(anonymous_22)","line":352,"loc":{"start":{"line":352,"column":47},"end":{"line":352,"column":68}}},"23":{"name":"(anonymous_23)","line":373,"loc":{"start":{"line":373,"column":45},"end":{"line":373,"column":55}}},"24":{"name":"(anonymous_24)","line":380,"loc":{"start":{"line":380,"column":33},"end":{"line":380,"column":54}}},"25":{"name":"(anonymous_25)","line":396,"loc":{"start":{"line":396,"column":48},"end":{"line":396,"column":62}}},"26":{"name":"(anonymous_26)","line":442,"loc":{"start":{"line":442,"column":46},"end":{"line":442,"column":61}}},"27":{"name":"(anonymous_27)","line":461,"loc":{"start":{"line":461,"column":56},"end":{"line":461,"column":66}}}},"statementMap":{"1":{"start":{"line":10,"column":4},"end":{"line":25,"column":6}},"2":{"start":{"line":12,"column":2},"end":{"line":12,"column":18}},"3":{"start":{"line":15,"column":8},"end":{"line":15,"column":54}},"4":{"start":{"line":18,"column":8},"end":{"line":18,"column":34}},"5":{"start":{"line":21,"column":2},"end":{"line":23,"column":5}},"6":{"start":{"line":22,"column":3},"end":{"line":22,"column":37}},"7":{"start":{"line":28,"column":4},"end":{"line":28,"column":76}},"8":{"start":{"line":34,"column":1},"end":{"line":57,"column":3}},"9":{"start":{"line":37,"column":2},"end":{"line":37,"column":40}},"10":{"start":{"line":38,"column":2},"end":{"line":55,"column":3}},"11":{"start":{"line":41,"column":4},"end":{"line":41,"column":22}},"12":{"start":{"line":41,"column":23},"end":{"line":41,"column":29}},"13":{"start":{"line":44,"column":4},"end":{"line":44,"column":20}},"14":{"start":{"line":44,"column":21},"end":{"line":44,"column":27}},"15":{"start":{"line":47,"column":4},"end":{"line":47,"column":19}},"16":{"start":{"line":47,"column":20},"end":{"line":47,"column":26}},"17":{"start":{"line":50,"column":4},"end":{"line":50,"column":20}},"18":{"start":{"line":50,"column":21},"end":{"line":50,"column":27}},"19":{"start":{"line":53,"column":4},"end":{"line":53,"column":31}},"20":{"start":{"line":53,"column":32},"end":{"line":53,"column":38}},"21":{"start":{"line":63,"column":4},"end":{"line":97,"column":6}},"22":{"start":{"line":65,"column":8},"end":{"line":65,"column":24}},"23":{"start":{"line":66,"column":8},"end":{"line":66,"column":34}},"24":{"start":{"line":67,"column":8},"end":{"line":67,"column":76}},"25":{"start":{"line":68,"column":8},"end":{"line":68,"column":76}},"26":{"start":{"line":70,"column":8},"end":{"line":70,"column":24}},"27":{"start":{"line":71,"column":8},"end":{"line":71,"column":30}},"28":{"start":{"line":72,"column":8},"end":{"line":72,"column":53}},"29":{"start":{"line":73,"column":8},"end":{"line":73,"column":67}},"30":{"start":{"line":74,"column":8},"end":{"line":74,"column":49}},"31":{"start":{"line":75,"column":8},"end":{"line":75,"column":53}},"32":{"start":{"line":76,"column":8},"end":{"line":76,"column":49}},"33":{"start":{"line":77,"column":8},"end":{"line":77,"column":53}},"34":{"start":{"line":78,"column":8},"end":{"line":78,"column":59}},"35":{"start":{"line":79,"column":8},"end":{"line":79,"column":59}},"36":{"start":{"line":81,"column":8},"end":{"line":81,"column":24}},"37":{"start":{"line":82,"column":8},"end":{"line":82,"column":29}},"38":{"start":{"line":83,"column":8},"end":{"line":83,"column":44}},"39":{"start":{"line":84,"column":8},"end":{"line":84,"column":52}},"40":{"start":{"line":85,"column":8},"end":{"line":85,"column":44}},"41":{"start":{"line":86,"column":8},"end":{"line":86,"column":50}},"42":{"start":{"line":87,"column":8},"end":{"line":87,"column":56}},"43":{"start":{"line":88,"column":8},"end":{"line":88,"column":46}},"44":{"start":{"line":89,"column":8},"end":{"line":89,"column":42}},"45":{"start":{"line":90,"column":8},"end":{"line":90,"column":64}},"46":{"start":{"line":91,"column":8},"end":{"line":91,"column":62}},"47":{"start":{"line":92,"column":8},"end":{"line":92,"column":67}},"48":{"start":{"line":94,"column":8},"end":{"line":94,"column":24}},"49":{"start":{"line":95,"column":5},"end":{"line":95,"column":20}},"50":{"start":{"line":103,"column":4},"end":{"line":108,"column":6}},"51":{"start":{"line":105,"column":8},"end":{"line":105,"column":77}},"52":{"start":{"line":106,"column":5},"end":{"line":106,"column":20}},"53":{"start":{"line":114,"column":4},"end":{"line":126,"column":6}},"54":{"start":{"line":116,"column":5},"end":{"line":116,"column":58}},"55":{"start":{"line":118,"column":8},"end":{"line":118,"column":22}},"56":{"start":{"line":119,"column":8},"end":{"line":119,"column":77}},"57":{"start":{"line":120,"column":8},"end":{"line":120,"column":46}},"58":{"start":{"line":122,"column":8},"end":{"line":122,"column":37}},"59":{"start":{"line":123,"column":8},"end":{"line":123,"column":30}},"60":{"start":{"line":124,"column":8},"end":{"line":124,"column":32}},"61":{"start":{"line":132,"column":4},"end":{"line":162,"column":6}},"62":{"start":{"line":134,"column":8},"end":{"line":134,"column":24}},"63":{"start":{"line":135,"column":8},"end":{"line":135,"column":18}},"64":{"start":{"line":137,"column":8},"end":{"line":146,"column":9}},"65":{"start":{"line":139,"column":12},"end":{"line":144,"column":13}},"66":{"start":{"line":140,"column":16},"end":{"line":140,"column":83}},"67":{"start":{"line":141,"column":16},"end":{"line":141,"column":31}},"68":{"start":{"line":142,"column":19},"end":{"line":144,"column":13}},"69":{"start":{"line":143,"column":13},"end":{"line":143,"column":49}},"70":{"start":{"line":148,"column":8},"end":{"line":148,"column":56}},"71":{"start":{"line":149,"column":5},"end":{"line":149,"column":55}},"72":{"start":{"line":150,"column":5},"end":{"line":150,"column":51}},"73":{"start":{"line":151,"column":5},"end":{"line":151,"column":49}},"74":{"start":{"line":152,"column":5},"end":{"line":152,"column":52}},"75":{"start":{"line":153,"column":5},"end":{"line":153,"column":57}},"76":{"start":{"line":154,"column":5},"end":{"line":154,"column":57}},"77":{"start":{"line":155,"column":5},"end":{"line":155,"column":57}},"78":{"start":{"line":156,"column":5},"end":{"line":156,"column":57}},"79":{"start":{"line":168,"column":4},"end":{"line":219,"column":6}},"80":{"start":{"line":170,"column":8},"end":{"line":170,"column":18}},"81":{"start":{"line":171,"column":5},"end":{"line":171,"column":21}},"82":{"start":{"line":173,"column":8},"end":{"line":183,"column":9}},"83":{"start":{"line":175,"column":12},"end":{"line":181,"column":13}},"84":{"start":{"line":176,"column":16},"end":{"line":176,"column":66}},"85":{"start":{"line":177,"column":16},"end":{"line":177,"column":31}},"86":{"start":{"line":178,"column":19},"end":{"line":181,"column":13}},"87":{"start":{"line":179,"column":13},"end":{"line":179,"column":67}},"88":{"start":{"line":180,"column":16},"end":{"line":180,"column":66}},"89":{"start":{"line":185,"column":8},"end":{"line":185,"column":21}},"90":{"start":{"line":187,"column":8},"end":{"line":187,"column":82}},"91":{"start":{"line":188,"column":8},"end":{"line":188,"column":89}},"92":{"start":{"line":189,"column":8},"end":{"line":189,"column":80}},"93":{"start":{"line":190,"column":8},"end":{"line":190,"column":83}},"94":{"start":{"line":191,"column":8},"end":{"line":191,"column":100}},"95":{"start":{"line":192,"column":8},"end":{"line":192,"column":47}},"96":{"start":{"line":193,"column":8},"end":{"line":193,"column":43}},"97":{"start":{"line":194,"column":8},"end":{"line":194,"column":90}},"98":{"start":{"line":196,"column":8},"end":{"line":196,"column":53}},"99":{"start":{"line":197,"column":8},"end":{"line":197,"column":74}},"100":{"start":{"line":198,"column":8},"end":{"line":198,"column":93}},"101":{"start":{"line":199,"column":8},"end":{"line":199,"column":72}},"102":{"start":{"line":200,"column":8},"end":{"line":200,"column":72}},"103":{"start":{"line":201,"column":8},"end":{"line":201,"column":72}},"104":{"start":{"line":202,"column":8},"end":{"line":202,"column":72}},"105":{"start":{"line":203,"column":8},"end":{"line":203,"column":60}},"106":{"start":{"line":205,"column":5},"end":{"line":205,"column":65}},"107":{"start":{"line":206,"column":5},"end":{"line":206,"column":82}},"108":{"start":{"line":207,"column":5},"end":{"line":207,"column":76}},"109":{"start":{"line":208,"column":5},"end":{"line":208,"column":79}},"110":{"start":{"line":209,"column":5},"end":{"line":209,"column":78}},"111":{"start":{"line":210,"column":5},"end":{"line":210,"column":69}},"112":{"start":{"line":211,"column":5},"end":{"line":211,"column":77}},"113":{"start":{"line":212,"column":5},"end":{"line":212,"column":77}},"114":{"start":{"line":213,"column":5},"end":{"line":213,"column":77}},"115":{"start":{"line":214,"column":5},"end":{"line":214,"column":77}},"116":{"start":{"line":215,"column":5},"end":{"line":215,"column":78}},"117":{"start":{"line":216,"column":5},"end":{"line":216,"column":73}},"118":{"start":{"line":217,"column":8},"end":{"line":217,"column":67}},"119":{"start":{"line":225,"column":4},"end":{"line":231,"column":6}},"120":{"start":{"line":227,"column":5},"end":{"line":227,"column":80}},"121":{"start":{"line":228,"column":5},"end":{"line":228,"column":40}},"122":{"start":{"line":229,"column":5},"end":{"line":229,"column":20}},"123":{"start":{"line":237,"column":4},"end":{"line":254,"column":6}},"124":{"start":{"line":242,"column":5},"end":{"line":242,"column":66}},"125":{"start":{"line":243,"column":5},"end":{"line":243,"column":21}},"126":{"start":{"line":245,"column":5},"end":{"line":248,"column":6}},"127":{"start":{"line":246,"column":6},"end":{"line":246,"column":32}},"128":{"start":{"line":247,"column":6},"end":{"line":247,"column":74}},"129":{"start":{"line":250,"column":5},"end":{"line":252,"column":8}},"130":{"start":{"line":251,"column":6},"end":{"line":251,"column":38}},"131":{"start":{"line":251,"column":21},"end":{"line":251,"column":36}},"132":{"start":{"line":260,"column":4},"end":{"line":273,"column":6}},"133":{"start":{"line":262,"column":8},"end":{"line":262,"column":41}},"134":{"start":{"line":263,"column":5},"end":{"line":263,"column":67}},"135":{"start":{"line":264,"column":8},"end":{"line":264,"column":65}},"136":{"start":{"line":266,"column":5},"end":{"line":266,"column":56}},"137":{"start":{"line":268,"column":5},"end":{"line":268,"column":25}},"138":{"start":{"line":269,"column":5},"end":{"line":271,"column":20}},"139":{"start":{"line":270,"column":6},"end":{"line":270,"column":36}},"140":{"start":{"line":279,"column":1},"end":{"line":301,"column":3}},"141":{"start":{"line":281,"column":2},"end":{"line":281,"column":50}},"142":{"start":{"line":282,"column":2},"end":{"line":282,"column":59}},"143":{"start":{"line":284,"column":2},"end":{"line":297,"column":3}},"144":{"start":{"line":286,"column":3},"end":{"line":286,"column":102}},"145":{"start":{"line":287,"column":3},"end":{"line":287,"column":74}},"146":{"start":{"line":288,"column":3},"end":{"line":288,"column":103}},"147":{"start":{"line":289,"column":3},"end":{"line":289,"column":17}},"148":{"start":{"line":293,"column":3},"end":{"line":293,"column":68}},"149":{"start":{"line":294,"column":3},"end":{"line":294,"column":69}},"150":{"start":{"line":295,"column":3},"end":{"line":295,"column":22}},"151":{"start":{"line":299,"column":2},"end":{"line":299,"column":17}},"152":{"start":{"line":307,"column":4},"end":{"line":317,"column":6}},"153":{"start":{"line":309,"column":5},"end":{"line":315,"column":7}},"154":{"start":{"line":323,"column":4},"end":{"line":346,"column":6}},"155":{"start":{"line":325,"column":5},"end":{"line":325,"column":42}},"156":{"start":{"line":326,"column":5},"end":{"line":326,"column":21}},"157":{"start":{"line":327,"column":8},"end":{"line":327,"column":46}},"158":{"start":{"line":330,"column":8},"end":{"line":330,"column":42}},"159":{"start":{"line":331,"column":8},"end":{"line":331,"column":31}},"160":{"start":{"line":334,"column":8},"end":{"line":342,"column":11}},"161":{"start":{"line":336,"column":12},"end":{"line":336,"column":31}},"162":{"start":{"line":336,"column":21},"end":{"line":336,"column":31}},"163":{"start":{"line":338,"column":12},"end":{"line":340,"column":15}},"164":{"start":{"line":339,"column":16},"end":{"line":339,"column":62}},"165":{"start":{"line":352,"column":1},"end":{"line":367,"column":3}},"166":{"start":{"line":354,"column":2},"end":{"line":354,"column":18}},"167":{"start":{"line":356,"column":8},"end":{"line":356,"column":72}},"168":{"start":{"line":357,"column":8},"end":{"line":357,"column":52}},"169":{"start":{"line":357,"column":43},"end":{"line":357,"column":50}},"170":{"start":{"line":359,"column":2},"end":{"line":359,"column":64}},"171":{"start":{"line":362,"column":2},"end":{"line":365,"column":3}},"172":{"start":{"line":363,"column":3},"end":{"line":363,"column":42}},"173":{"start":{"line":364,"column":3},"end":{"line":364,"column":26}},"174":{"start":{"line":373,"column":4},"end":{"line":390,"column":6}},"175":{"start":{"line":376,"column":5},"end":{"line":376,"column":38}},"176":{"start":{"line":377,"column":5},"end":{"line":377,"column":21}},"177":{"start":{"line":380,"column":5},"end":{"line":385,"column":8}},"178":{"start":{"line":381,"column":12},"end":{"line":381,"column":62}},"179":{"start":{"line":381,"column":25},"end":{"line":381,"column":60}},"180":{"start":{"line":383,"column":12},"end":{"line":383,"column":50}},"181":{"start":{"line":384,"column":12},"end":{"line":384,"column":58}},"182":{"start":{"line":388,"column":5},"end":{"line":388,"column":27}},"183":{"start":{"line":396,"column":1},"end":{"line":436,"column":3}},"184":{"start":{"line":399,"column":2},"end":{"line":399,"column":42}},"185":{"start":{"line":400,"column":2},"end":{"line":400,"column":71}},"186":{"start":{"line":400,"column":29},"end":{"line":400,"column":69}},"187":{"start":{"line":403,"column":2},"end":{"line":403,"column":34}},"188":{"start":{"line":406,"column":2},"end":{"line":406,"column":43}},"189":{"start":{"line":409,"column":2},"end":{"line":409,"column":89}},"190":{"start":{"line":410,"column":2},"end":{"line":410,"column":50}},"191":{"start":{"line":413,"column":2},"end":{"line":413,"column":93}},"192":{"start":{"line":416,"column":2},"end":{"line":416,"column":81}},"193":{"start":{"line":419,"column":2},"end":{"line":419,"column":87}},"194":{"start":{"line":420,"column":2},"end":{"line":420,"column":50}},"195":{"start":{"line":423,"column":2},"end":{"line":423,"column":106}},"196":{"start":{"line":424,"column":2},"end":{"line":424,"column":59}},"197":{"start":{"line":427,"column":2},"end":{"line":427,"column":96}},"198":{"start":{"line":431,"column":2},"end":{"line":431,"column":54}},"199":{"start":{"line":434,"column":2},"end":{"line":434,"column":30}},"200":{"start":{"line":442,"column":1},"end":{"line":455,"column":3}},"201":{"start":{"line":444,"column":2},"end":{"line":444,"column":42}},"202":{"start":{"line":445,"column":2},"end":{"line":445,"column":31}},"203":{"start":{"line":445,"column":22},"end":{"line":445,"column":29}},"204":{"start":{"line":448,"column":2},"end":{"line":448,"column":26}},"205":{"start":{"line":449,"column":2},"end":{"line":449,"column":74}},"206":{"start":{"line":450,"column":2},"end":{"line":450,"column":70}},"207":{"start":{"line":453,"column":2},"end":{"line":453,"column":17}},"208":{"start":{"line":461,"column":1},"end":{"line":471,"column":3}},"209":{"start":{"line":464,"column":2},"end":{"line":464,"column":26}},"210":{"start":{"line":465,"column":2},"end":{"line":465,"column":72}},"211":{"start":{"line":466,"column":2},"end":{"line":466,"column":79}},"212":{"start":{"line":469,"column":2},"end":{"line":469,"column":17}},"213":{"start":{"line":476,"column":4},"end":{"line":476,"column":20}}},"branchMap":{"1":{"line":38,"type":"switch","locations":[{"start":{"line":40,"column":3},"end":{"line":41,"column":29}},{"start":{"line":43,"column":3},"end":{"line":44,"column":27}},{"start":{"line":46,"column":3},"end":{"line":47,"column":26}},{"start":{"line":49,"column":3},"end":{"line":50,"column":27}},{"start":{"line":52,"column":3},"end":{"line":53,"column":38}}]},"2":{"line":139,"type":"if","locations":[{"start":{"line":139,"column":12},"end":{"line":139,"column":12}},{"start":{"line":139,"column":12},"end":{"line":139,"column":12}}]},"3":{"line":142,"type":"if","locations":[{"start":{"line":142,"column":19},"end":{"line":142,"column":19}},{"start":{"line":142,"column":19},"end":{"line":142,"column":19}}]},"4":{"line":175,"type":"if","locations":[{"start":{"line":175,"column":12},"end":{"line":175,"column":12}},{"start":{"line":175,"column":12},"end":{"line":175,"column":12}}]},"5":{"line":178,"type":"if","locations":[{"start":{"line":178,"column":19},"end":{"line":178,"column":19}},{"start":{"line":178,"column":19},"end":{"line":178,"column":19}}]},"6":{"line":251,"type":"if","locations":[{"start":{"line":251,"column":6},"end":{"line":251,"column":6}},{"start":{"line":251,"column":6},"end":{"line":251,"column":6}}]},"7":{"line":284,"type":"if","locations":[{"start":{"line":284,"column":2},"end":{"line":284,"column":2}},{"start":{"line":284,"column":2},"end":{"line":284,"column":2}}]},"8":{"line":336,"type":"if","locations":[{"start":{"line":336,"column":12},"end":{"line":336,"column":12}},{"start":{"line":336,"column":12},"end":{"line":336,"column":12}}]},"9":{"line":357,"type":"if","locations":[{"start":{"line":357,"column":8},"end":{"line":357,"column":8}},{"start":{"line":357,"column":8},"end":{"line":357,"column":8}}]},"10":{"line":362,"type":"if","locations":[{"start":{"line":362,"column":2},"end":{"line":362,"column":2}},{"start":{"line":362,"column":2},"end":{"line":362,"column":2}}]},"11":{"line":381,"type":"if","locations":[{"start":{"line":381,"column":12},"end":{"line":381,"column":12}},{"start":{"line":381,"column":12},"end":{"line":381,"column":12}}]},"12":{"line":400,"type":"if","locations":[{"start":{"line":400,"column":2},"end":{"line":400,"column":2}},{"start":{"line":400,"column":2},"end":{"line":400,"column":2}}]},"13":{"line":409,"type":"binary-expr","locations":[{"start":{"line":409,"column":46},"end":{"line":409,"column":78}},{"start":{"line":409,"column":82},"end":{"line":409,"column":88}}]},"14":{"line":413,"type":"binary-expr","locations":[{"start":{"line":413,"column":45},"end":{"line":413,"column":76}},{"start":{"line":413,"column":80},"end":{"line":413,"column":92}}]},"15":{"line":416,"type":"binary-expr","locations":[{"start":{"line":416,"column":41},"end":{"line":416,"column":68}},{"start":{"line":416,"column":72},"end":{"line":416,"column":80}}]},"16":{"line":419,"type":"binary-expr","locations":[{"start":{"line":419,"column":46},"end":{"line":419,"column":78}},{"start":{"line":419,"column":82},"end":{"line":419,"column":86}}]},"17":{"line":423,"type":"binary-expr","locations":[{"start":{"line":423,"column":55},"end":{"line":423,"column":96}},{"start":{"line":423,"column":100},"end":{"line":423,"column":105}}]},"18":{"line":427,"type":"binary-expr","locations":[{"start":{"line":427,"column":50},"end":{"line":427,"column":86}},{"start":{"line":427,"column":90},"end":{"line":427,"column":95}}]},"19":{"line":445,"type":"if","locations":[{"start":{"line":445,"column":2},"end":{"line":445,"column":2}},{"start":{"line":445,"column":2},"end":{"line":445,"column":2}}]}},"code":["//#!/usr/bin/env node","","","    \"use strict\";","","","\t/**","\t *  This is constructed always when user types `downpress` to the terminal","\t */","    var Downpress = function(){","","\t\tvar that = this;","","\t    // inherit \"this\" from the class boilerplate (underscore, events..)","        require(\"../library/_Boilerplate\").call(this);","","\t    // if is not a valid package, break software","        this.packageJsonParsing();","","\t\t// after package.json is parsed successfully","\t\tthis.on(\"package-parsed\", function(){","\t\t\tthat.parseSecondConsoleArgument();","\t\t});","","    };","","","    require(\"util\").inherits(Downpress, require(\"../library/_Boilerplate\"));","","","\t/**","\t *  Parsing second argument typed to console (like `downpress run`)","\t */","\tDownpress.prototype.parseSecondConsoleArgument = function(){","","\t\t// user types in the console also a second parameter","\t\tvar consoleArgument = process.argv[2];","\t\tswitch (consoleArgument) {","","\t\t\tcase \"report\" :","\t\t\t\tthis.initReport(); break;","","\t\t\tcase \"help\" :","\t\t\t\tthis.initHelp(); break;","","\t\t\tcase \"run\" :","\t\t\t\tthis.initRun(); break;","","\t\t\tcase \"init\" :","\t\t\t\tthis.initInit(); break;","","\t\t\tdefault :","\t\t\t\tthis.initWithoutArgument(); break;","","\t\t}","","\t};","","","\t/**","\t *  Attach on website this, user can send also the personal data about his computer and OS and Node","\t */","    Downpress.prototype.initReport = function(){","","        console.log(\"\");","        this.log(\"report a bug?\");","        this.log(\"  1: browse website github.com/downpress/package/issues\");","        this.log(\"  2: copy below infos about your computer and go ahead!\");","","        console.log(\"\");","        this.log(\"versions:\");","        this.log(\"  node: \" + process.versions.node);","        this.log(\"  http_parser: \" + process.versions.http_parser);","        this.log(\"  v8: \" + process.versions.v8);","        this.log(\"  ares: \" + process.versions.ares);","        this.log(\"  uv: \" + process.versions.uv);","        this.log(\"  zlib: \" + process.versions.zlib);","        this.log(\"  modules: \" + process.versions.modules);","        this.log(\"  openssl: \" + process.versions.openssl);","","        console.log(\"\");","        this.log(\"details:\");","        this.log(\"  arch: \" + process.arch);","        this.log(\"  platform: \" + process.platform);","        this.log(\"  argv: \" + process.argv);","        this.log(\"  env.PWD: \" + process.env.PWD);","        this.log(\"  env.OLDPWD: \" + process.env.OLDPWD);","        this.log(\"  env._: \" + process.env._);","        this.log(\"  pid: \" + process.pid);","        this.log(\"  features.debug: \" + process.features.debug);","        this.log(\"  features.ipv6: \" + process.features.ipv6);","        this.log(\"  version openssl: \" + process.versions.openssl);","","        console.log(\"\");","\t    process.kill();","","    };","","","\t/**","\t *  When user type `downpress help`, TODO should be implemented in next version for every command","\t */","    Downpress.prototype.initHelp = function(){","","        this.log(\"help is gonna be implemented in version 0.3, sorry\", true);","\t    process.kill();","","    };","","","\t/**","\t *  When user type `downpress run` and package.json does exist in root of project","\t */","    Downpress.prototype.initRun = function(){","","\t    var port = global.downpress.config[\"localhost-port\"];","","        console.log();","        this.log(\"browse http://localhost:\" + port + \" for a build preview\");","        this.log(\"watching \"+process.env.PWD);","","        this.createTemplatesFolder();","        this.watchLocalhost();","        this.watchDirectories();","","    };","","","\t/**","\t *  When user type `downpress init` and wants to create a new project boilerplate","\t */","    Downpress.prototype.initInit = function(){","","        var that = this;","        var i = 0;","","        function handleFolderErrors(err){","","            if (err) {","                that.log(\"ERROR: folder \"+ err.path + \"already does exist!\", true);","                process.kill();","            } else if (++i===9) {","\t            that.whenAllInitFoldersAreCreated();","            }","","        }","","        this.fs.mkdir(\"./articles\", handleFolderErrors);","\t    this.fs.mkdir(\"./%templates\", handleFolderErrors);","\t    this.fs.mkdir(\"./%build\", handleFolderErrors);","\t    this.fs.mkdir(\"./page\", handleFolderErrors);","\t    this.fs.mkdir(\"./statics\", handleFolderErrors);","\t    this.fs.mkdir(\"./articles/1st\", handleFolderErrors);","\t    this.fs.mkdir(\"./articles/2nd\", handleFolderErrors);","\t    this.fs.mkdir(\"./articles/3rd\", handleFolderErrors);","\t    this.fs.mkdir(\"./articles/4th\", handleFolderErrors);","","\t    // TODO","\t    // maybe this can be created without files, just with some inteligent parameter","\t    // something like ~ i want create this file also if the root directory doesn't exist","","    };","","","\t/**","\t *  On command `init` create also files, after directories are already created","\t */","    Downpress.prototype.whenAllInitFoldersAreCreated = function(){","","        var i = 0;","\t    var that = this;","","        function handleFolderErrors(err){","","            if (err) {","                that.log(\"file already exists: \"+ err.path, true);","                process.kill();","            } else if (++i===13) {","\t            that.log(\"success —- all files created successfully\");","                that.log(\"type `downpress run` and open browser\");","            }","","        }","","        var msg = {};","","        var msg1 = \"<!-- in this file use classic html -->\\n{{ local._content }}\";","        var msg2 = \"--\\ntemplate : article\\n---\\n\\n**hello, i am content of articles!**\";","        var msg7 = \"--\\ntemplate : index\\n---\\n\\n**hello, i am in /index.md!**\";","        var msg6 = \"--\\ntemplate : page\\n---\\n\\n**hello, i am in /page/index.md**\";","        var msg4 = \"if you will not use '---' meta tags in MD,\\nfile is copied only and n
[...]
e":"(anonymous_2)","line":10,"loc":{"start":{"line":10,"column":20},"end":{"line":10,"column":30}}},"3":{"name":"(anonymous_3)","line":20,"loc":{"start":{"line":20,"column":21},"end":{"line":20,"column":31}}}},"statementMap":{"1":{"start":{"line":6,"column":4},"end":{"line":14,"column":6}},"2":{"start":{"line":8,"column":8},"end":{"line":8,"column":54}},"3":{"start":{"line":10,"column":8},"end":{"line":12,"column":26}},"4":{"start":{"line":11,"column":12},"end":{"line":11,"column":30}},"5":{"start":{"line":17,"column":4},"end":{"line":17,"column":74}},"6":{"start":{"line":20,"column":4},"end":{"line":22,"column":6}},"7":{"start":{"line":21,"column":8},"end":{"line":21,"column":29}}},"branchMap":{},"code":["","","    \"use strict\";","","","    var Sitemap = function() {","","        require(\"../library/_Boilerplate\").call(this);","","        setTimeout((function(){","            this.emit(\"ready\")","        }).bind(this), 1);","","    };","","","    require(\"util\").inherits(Sitemap, require(\"../library/_Boilerplate\"));","","","    module.exports = function(){","        return new Sitemap();","    };"],"l":{"6":1,"8":0,"10":0,"11":0,"17":1,"20":1,"21":0}},"/home/travis/build/npmtest/node-npmtest-downpress/node_modules/downpress/mdls/Statics.js":{"path":"/home/travis/build/npmtest/node-npmtest-downpress/node_modules/downpress/mdls/Statics.js","s":{"1":1,"2":0,"3":0,"4":0,"5":0,"6":0,"7":1,"8":1,"9":0,"10":0,"11":1,"12":0,"13":1,"14":0,"15":1,"16":0,"17":0,"18":0,"19":0,"20":0,"21":1,"22":0,"23":0,"24":0,"25":0,"26":0,"27":0,"28":0,"29":0,"30":0,"31":0,"32":0,"33":1,"34":0,"35":0,"36":0,"37":0,"38":1,"39":0},"b":{},"f":{"1":0,"2":0,"3":0,"4":0,"5":0,"6":0,"7":0,"8":0,"9":0,"10":0},"fnMap":{"1":{"name":"(anonymous_1)","line":9,"loc":{"start":{"line":9,"column":18},"end":{"line":9,"column":29}}},"2":{"name":"(anonymous_2)","line":15,"loc":{"start":{"line":15,"column":28},"end":{"line":15,"column":43}}},"3":{"name":"(anonymous_3)","line":29,"loc":{"start":{"line":29,"column":38},"end":{"line":29,"column":49}}},"4":{"name":"isNotDsStore","line":34,"loc":{"start":{"line":34,"column":8},"end":{"line":34,"column":35}}},"5":{"name":"isNotBuildDir","line":38,"loc":{"start":{"line":38,"column":8},"end":{"line":38,"column":36}}},"6":{"name":"isNotTemplatesDir","line":42,"loc":{"start":{"line":42,"column":8},"end":{"line":42,"column":40}}},"7":{"name":"(anonymous_7)","line":59,"loc":{"start":{"line":59,"column":43},"end":{"line":59,"column":54}}},"8":{"name":"(anonymous_8)","line":64,"loc":{"start":{"line":64,"column":29},"end":{"line":64,"column":46}}},"9":{"name":"(anonymous_9)","line":85,"loc":{"start":{"line":85,"column":36},"end":{"line":85,"column":47}}},"10":{"name":"(anonymous_10)","line":96,"loc":{"start":{"line":96,"column":21},"end":{"line":96,"column":31}}}},"statementMap":{"1":{"start":{"line":9,"column":4},"end":{"line":20,"column":6}},"2":{"start":{"line":11,"column":8},"end":{"line":11,"column":54}},"3":{"start":{"line":13,"column":8},"end":{"line":13,"column":24}},"4":{"start":{"line":15,"column":8},"end":{"line":18,"column":11}},"5":{"start":{"line":16,"column":12},"end":{"line":16,"column":33}},"6":{"start":{"line":17,"column":12},"end":{"line":17,"column":33}},"7":{"start":{"line":23,"column":4},"end":{"line":23,"column":74}},"8":{"start":{"line":29,"column":4},"end":{"line":53,"column":6}},"9":{"start":{"line":31,"column":5},"end":{"line":31,"column":72}},"10":{"start":{"line":32,"column":8},"end":{"line":32,"column":67}},"11":{"start":{"line":34,"column":8},"end":{"line":36,"column":9}},"12":{"start":{"line":35,"column":12},"end":{"line":35,"column":51}},"13":{"start":{"line":38,"column":8},"end":{"line":40,"column":9}},"14":{"start":{"line":39,"column":12},"end":{"line":39,"column":46}},"15":{"start":{"line":42,"column":8},"end":{"line":44,"column":9}},"16":{"start":{"line":43,"column":12},"end":{"line":43,"column":50}},"17":{"start":{"line":46,"column":8},"end":{"line":46,"column":57}},"18":{"start":{"line":47,"column":8},"end":{"line":47,"column":62}},"19":{"start":{"line":48,"column":8},"end":{"line":48,"column":58}},"20":{"start":{"line":51,"column":8},"end":{"line":51,"column":34}},"21":{"start":{"line":59,"column":4},"end":{"line":79,"column":6}},"22":{"start":{"line":61,"column":8},"end":{"line":61,"column":24}},"23":{"start":{"line":62,"column":8},"end":{"line":62,"column":24}},"24":{"start":{"line":64,"column":8},"end":{"line":73,"column":11}},"25":{"start":{"line":66,"column":12},"end":{"line":66,"column":27}},"26":{"start":{"line":67,"column":12},"end":{"line":67,"column":67}},"27":{"start":{"line":68,"column":12},"end":{"line":68,"column":72}},"28":{"start":{"line":69,"column":12},"end":{"line":69,"column":58}},"29":{"start":{"line":70,"column":12},"end":{"line":70,"column":35}},"30":{"start":{"line":71,"column":12},"end":{"line":71,"column":51}},"31":{"start":{"line":76,"column":8},"end":{"line":76,"column":42}},"32":{"start":{"line":77,"column":8},"end":{"line":77,"column":27}},"33":{"start":{"line":85,"column":4},"end":{"line":93,"column":6}},"34":{"start":{"line":87,"column":8},"end":{"line":87,"column":64}},"35":{"start":{"line":88,"column":8},"end":{"line":88,"column":64}},"36":{"start":{"line":89,"column":8},"end":{"line":89,"column":64}},"37":{"start":{"line":91,"column":8},"end":{"line":91,"column":53}},"38":{"start":{"line":96,"column":4},"end":{"line":98,"column":6}},"39":{"start":{"line":97,"column":8},"end":{"line":97,"column":29}}},"branchMap":{},"code":["","","    \"use strict\";","","","    /**","     *  Create an object with details of all files in your website","     */","    var Statics = function() {","","        require(\"../library/_Boilerplate\").call(this);","","        var that = this;","","        this.walkFiles(\".\", function(files){","            that.statics = files;","            that.removeIgnored();","        });","","    };","","","    require(\"util\").inherits(Statics, require(\"../library/_Boilerplate\"));","","","    /**","     *  Create an object with details of all files in your website","     */","    Statics.prototype.removeIgnored = function() {","","\t    var templatesDir = \"./\" + global.downpress.config[\"dir-templates\"];","        var buildDir = \"./\" + global.downpress.config[\"dir-build\"];","","        function isNotDsStore(file){","            return file.indexOf(\".DS_Store\") <= -1;","        }","","        function isNotBuildDir(file){","            return file.indexOf(buildDir)<=-1;","        }","","        function isNotTemplatesDir(file){","            return file.indexOf(templatesDir)<=-1;","        }","","        this.statics = this.statics.filter(isNotDsStore);","        this.statics = this.statics.filter(isNotTemplatesDir);","        this.statics = this.statics.filter(isNotBuildDir);","","        // go to next function and parse all files to objects","        this.parseToFileObjects();","","    };","","","    /**","     *  Parse to Statics Object","     */","    Statics.prototype.parseToFileObjects = function() {","","        var that = this;","        var newObj = [];","","        this.statics.forEach(function(file, i){","","            newObj[i] = {};","            newObj[i]._name = file.substr(file.lastIndexOf(\"/\")+1);","            newObj[i]._extension = file.substr(file.lastIndexOf(\".\")+1);","            newObj[i]._size = that.fs.statSync(file).size;","            newObj[i]._path = file;","            newObj[i]._uniqid = that.getRandomID();","","        });","","        // done, everything is ready","        global.downpress.statics = newObj;","        this.emit(\"ready\");","","    };","","","    /**","     *  Generate Uniq ID for files, can be used like uniq identifier on screen","     */","    Statics.prototype.getRandomID = function() {","","        var random1 = Math.floor((Math.random()*800000)+100000);","        var random2 = Math.floor((Math.random()*800000)+100000);","        var random3 = Math.floor((Math.random()*800000)+100000);","","        return(random1+random2+random3).toString(36);","","    };","","","    module.exports = function(){","        return new Statics();","    };",""],"l":{"9":1,"11":0,"13":0,"15":0,"16":0,"17":0,"23":1,"29":1,"31":0,"32":0,"34":1,"35":0,"38":1,"39":0,"42":1,"43":0,"46":0,"47":0,"48":0,"51":0,"59":1,"61":0,"62":0,"64":0,"66":0,"67":0,"68":0,"69":0,"70":0,"71":0,"76":0,"77":0,"85":1,"87":0,"88":0,"89":0,"91":0,"96":1,"97":0}},"/home/travis/build/npmtest/node-npmtest-downpress/node_modules/downpress/mdls/Templates.js":{"path":"/home/travis/build/npmtest/node-npmtest-downpress/node_modules/downpress/mdls/Templates.js","s":{"1":1,"2":0,"3":0,"4":1,"5":1,"6":0,"7":0,"8":0,"9":0,"10":0,"11":1,"12":0,"13":1,"14":0,"15":1,"16":0,"17":0,"18":1,"19":0,"20":0,"21":0,"22":0,"23":0,"24":1,"25":0,"26":0,"27":1,"28":0,"29":0,"30":0,"31":0,"32":0,"33":0,"34":1,"35":0},"b":{"1":[0,0],"2":[0,0]},"f":{"1":0,"2":0,"3":0,"4":0,"5":0,"6":0,"7":0,"8":0,"9":0,"10":0},"fnMap":{"1":{"name":"(anonymous_1)","line":9,"loc":{"start":{"line":9,"column":20},"end":{"line":9,"column":31}}},"2":{"name":"(anonymous_2)","line":24,"loc":{"start":{"line":24,"column":46},"end":{"line":24,"column":57}}},"3":{"name":"(anonymous_3)","line":29,"loc":{"start":{"line":29,"column":34},"end":{"line":29,"column":49}}},"4":{"name":"(anonymous_4)","line":40,"loc":{"start":{"line":40,"column":45},"end":{"line":40,"column":56}}},"5":{"name":"(anonymous_5)","line":50,"loc":{"start":{"line":50,"column":48},"end":{"line":50,"column":59}}},"6":{"name":"forEverySingle","line":54,"loc":{"start":{"line":54,"column":5},"end":{"line":54,"column":45}}},"7":{"name":"(anonymous_7)","line":66,"loc":{"start":{"line":66,"column":35},"end":{"line":66,"column":67}}},"8":{"name":"allDone","line":78,"loc":{"start":{"line":78,"column":5},"end":{"line":78,"column":23}}},"9":{"name":"onFileReaded","line":84,"loc":{"start":{"line":84,"column":5},"end":{"line":84,"column":43}}},"10":{"name":"(anonymous_10)","line":94,"loc":{"start":{"line":94,"column":21},"end":{"line":94,"column":31}}}},"statementMap":{"1":{"start":{"line":9,"column":4},"end":{"line":15,"column":6}},"2":{"start":{"line":11,"column":8},"end":{"line":11,"column":54}},"3":{"start":{"line":13,"column":5},"end":{"line":13,"column":32}},"4":{"start":{"line":18,"column":4},"end":{"line":18,"column":76}},"5":{"start":{"line":24,"column":4},"end":{"line":34,"column":6}},"6":{"start":{"line":26,"column":5},"end":{"line":26,"column":21}},"7":{"start":{"line":27,"column":5},"end":{"line":27,"column":72}},"8":{"start":{"line":29,"column":5},"end":{"line":32,"column":8}},"9":{"start":{"line":30,"column":6},"end":{"line":30,"column":25}},"10":{"start":{"line":31,"column":6},"end":{"line":31,"column":32}},"11":{"start":{"line":40,"column":4},"end":{"line":44,"column":6}},"12":{"start":{"line":42,"column":5},"end":{"line":42,"column":34}},"13":{"start":{"line":50,"column":4},"end":{"line":60,"column":6}},"14":{"start":{"line":52,"column":5},"end":{"line":52,"column":21}},"15":{"start":{"line":54,"column":5},"end":{"line":56,"column":6}},"16":{"start":{"line":55,"column":6},"end":{"line":55,"column":43}},"17":{"start":{"line":58,"column":8},"end":{"line":58,"column":43}},"18":{"start":{"line":66,"column":4},"end":{"line":91,"column":6}},"19":{"start":{"line":68,"column":5},"end":{"line":68,"column":28}},"20":{"start":{"line":71,"column":5},"end":{"line":71,"column":53}},"21":{"start":{"line":72,"column":5},"end":{"line":72,"column":50}},"22":{"start":{"line":73,"column":5},"end":{"line":73,"column":51}},"23":{"start":{"line":75,"column":5},"end":{"line":75,"column":50}},"24":{"start":{"line":78,"column":5},"end":{"line":81,"column":6}},"25":{"start":{"line":79,"column":6},"end":{"line":79,"column":53}},"26":{"start":{"line":80,"column":6},"end":{"line":80,"column":25}},"27":{"start":{"line":84,"column":5},"end":{"line":89,"column":6}},"28":{"start":{"line":85,"column":6},"end":{"line":85,"column":29}},"29":{"start":{"line":85,"column":17},"end":{"line":85,"column":27}},"30":{"start":{"line":86,"column":6},"end":{"line":86,"column":54}},"31":{"start":{"line":87,"column":6},"end":{"line":87,"column":49}},"32":{"start":{"line":88,"column":6},"end":{"line":88,"column":46}},"33":{"start":{"line":88,"column":34},"end":{"line":88,"column":44}},"34":{"start":{"line":94,"column":4},"end":{"line":96,"column":6}},"35":{"start":{"line":95,"column":8},"end":{"line":95,"column":31}}},"branchMap":{"1":{"line":85,"type":"if","locations":[{"start":{"line":85,"column":6},"end":{"line":85,"column":6}},{"start":{"line":85,"column":6},"end":{"line":85,"column":6}}]},"2":{"line":88,"type":"if","locations":[{"start":{"line":88,"column":6},"end":{"line":88,"column":6}},{"start":{"line":88,"column":6},"end":{"line":88,"column":6}}]}},"code":["","","    \"use strict\";","","","    /**","     * Creates an object with all templates in %templates folder just like raw text","     */","    var Templates = function() {","","        require(\"../library/_Boilerplate\").call(this);","","\t    this.getAllTemplateFiles();","","    };","","","    require(\"util\").inherits(Templates, require(\"../library/_Boilerplate\"));","","","    /**","     * Get all files in templates folder, also with weird non-html files","     */","    Templates.prototype.getAllTemplateFiles = function() {","","\t    var that = this;","\t    var templatesDir = \"./\" + global.downpress.config[\"dir-templates\"];","","\t    this.walkFiles(templatesDir, function(files){","\t\t    that.files = files;","\t\t    that.removeNonHtmlFiles();","\t    });","","    };","","","    /**","     * Remove all files which are not really templates and are don't HTML/HTM","     */","    Templates.prototype.removeNonHtmlFiles = function() {","","\t    this.parseAllTemplateFiles();","","    };","","","    /**","     * Read content of theme files and put into smart object downpress.templates","     */","    Templates.prototype.parseAllTemplateFiles = function() {","","\t    var that = this;","","\t    function forEverySingle(templatePath, i){","\t\t    that.readFile(templatePath, i, that);","\t    }","","        this.files.forEach(forEverySingle);","","    };","","","    /**","     * When file is read or with error or correctly","     */","    Templates.prototype.readFile = function(templatePath, i, that) {","","\t    this.templatesObj = {};","","\t    // convert path to the clear file name","\t    var lastSlash = templatePath.lastIndexOf(\"/\")+1;","\t    var fileName = templatePath.slice(lastSlash);","\t    var templateName = fileName.split(\".html\")[0];","","\t    that.fs.readFile(templatePath, onFileReaded);","","\t    // when all files are already read and saved","\t    function allDone(){","\t\t    global.downpress.templates = that.templatesObj;","\t\t    that.emit(\"ready\");","\t    }","","\t    // when one specific file is read from filesystem","\t    function onFileReaded(err, rawContent){","\t\t    if (err) { throw err; }","\t\t    that.templatesObj[templateName] = rawContent+\"\";","\t\t    var howManyTemplates = that.files.length-1;","\t\t    if (howManyTemplates===i) { allDone(); }","\t    }","","    };","","","    module.exports = function(){","        return new Templates();","    };",""],"l":{"9":1,"11":0,"13":0,"18":1,"24":1,"26":0,"27":0,"29":0,"30":0,"31":0,"40":1,"42":0,"50":1,"52":0,"54":1,"55":0,"58":0,"66":1,"68":0,"71":0,"72":0,"73":0,"75":0,"78":1,"79":0,"80":0,"84":1,"85":0,"86":0,"87":0,"88":0,"94":1,"95":0}},"/home/travis/build/npmtest/node-npmtest-downpress/node_modules/downpress/mdls/admin_board/export.js":{"path":"/home/travis/build/npmtest/node-npmtest-downpress/node_modules/downpress/mdls/admin_board/export.js","s":{"1":1,"2":0,"3":0,"4":0,"5":0,"6":0,"7":0,"8":0,"9":0,"10":0,"11":0,"12":0,"13":0,"14":0,"15":0,"16":0,"17":0},"b":{},"f":{"1":0,"2":0,"3":0},"fnMap":{"1":{"name":"(anonymous_1)","line":6,"loc":{"start":{"line":6,"column":21},"end":{"line":6,"column":39}}},"2":{"name":"(anonymous_2)","line":15,"loc":{"start":{"line":15,"column":22},"end":{"line":15,"column":32}}},"3":{"name":"(anonymous_3)","line":26,"loc":{"start":{"line":26,"column":21},"end":{"line":26,"column":40}}}},"statementMap":{"1":{"start":{"line":6,"column":4},"end":{"line":32,"column":6}},"2":{"start":{"line":8,"column":8},"end":{"line":8,"column":19}},"3":{"start":{"line":10,"column":8},"end":{"line":10,"column":15}},"4":{"start":{"line":12,"column":8},"end":{"line":12,"column":41}},"5":{"start":{"line":13,"column":8},"end":{"line":13,"column":28}},"6":{"start":{"line":15,"column":8},"end":{"line":24,"column":11}},"7":{"start":{"line":16,"column":12},"end":{"line":16,"column":62}},"8":{"start":{"line":17,"column":12},"end":{"line":17,"column":60}},"9":{"start":{"line":18,"column":12},"end":{"line":18,"column":46}},"10":{"start":{"line":19,"column":12},"end":{"line":19,"column":58}},"11":{"start":{"line":20,"column":12},"end":{"line":20,"column":36}},"12":{"start":{"line":21,"column":12},"end":{"line":21,"column":42}},"13":{"start":{"line":22,"column":12},"end":{"line":22,"column":46}},"14":{"start":{"line":23,"column":12},"end":{"line":23,"column":32}},"15":{"start":{"line":26,"column":8},"end":{"line":28,"column":11}},"16":{"start":{"line":27,"column":12},"end":{"line":27,"column":41}},"17":{"start":{"line":30,"column":8},"end":{"line":30,"column":52}}},"branchMap":{},"code":["","","    \"use strict\";","","","    module.exports = function(callback){","","        callback();","","        return;","","        var express = require(\"express\");","        var app = express();","","        app.configure(function(){","            var dashboardFolder =  __dirname+\"/../dashboard/\";","            app.use(\"/s/\", express.static(dashboardFolder));","            app.set(\"views\", dashboardFolder);","            app.engine(\"html\", require(\"ejs\").renderFile);","            app.use(express.json());","            app.use(express.urlencoded());","            app.use(express.methodOverride());","            app.use(app.router);","        });","","        app.all(\"/\", function(req, res) {","            res.render(\"index.html\", {});","        });","","        app.use(express.logger(\"dev\")).listen(3009);","","    };",""],"l":{"6":1,"8":0,"10":0,"12":0,"13":0,"15":0,"16":0,"17":0,"18":0,"19":0,"20":0,"21":0,"22":0,"23":0,"26":0,"27":0,"30":0}},"/home/travis/build/npmtest/node-npmtest-downpress/node_modules/downpress/mdls/admin_board/html/echo.js":{"path":"/home/travis/build/npmtest/node-npmtest-downpress/node_modules/downpress/mdls/admin_board/html/echo.js","s":{"1":1,"2":1,"3":0,"4":0,"5":0,"6":0,"7":0,"8":0,"9":0},"b":{"1":[0,0]},"f":{"1":0},"fnMap":{"1":{"name":"(anonymous_1)","line":9,"loc":{"start":{"line":9,"column":21},"end":{"line":9,"column":48}}}},"statementMap":{"1":{"start":{"line":6,"column":4},"end":{"line":6,"column":22}},"2":{"start":{"line":9,"column":4},"end":{"line":21,"column":6}},"3":{"start":{"line":11,"column":8},"end":{"line":11,"column":16}},"4":{"start":{"line":13,"column":8},"end":{"line":13,"column":51}},"5":{"start":{"line":14,"column":8},"end":{"line":14,"column":34}},"6":{"start":{"line":16,"column":8},"end":{"line":16,"column":50}},"7":{"start":{"line":16,"column":23},"end":{"line":16,"column":49}},"8":{"start":{"line":17,"column":8},"end":{"line":17,"column":28}},"9":{"start":{"line":19,"column":8},"end":{"line":19,"column":25}}},"branchMap":{"1":{"line":16,"type":"if","locations":[{"start":{"line":16,"column":8},"end":{"line":16,"column":8}},{"start":{"line":16,"column":8},"end":{"line":16,"column":8}}]}},"code":["","","    \"use strict\";","","","    require(\"colors\");","","","    module.exports = function(message, isError) {","","        var log;","","        log = new Date().toLocaleTimeString().grey;","        log += \" [mdown] - \".grey;","","        if (isError) { log += \"error: \".red.bold }","        log += message.blue;","","        console.log(log);","","    };","",""],"l":{"6":1,"9":1,"11":0,"13":0,"14":0,"16":0,"17":0,"19":0}}}